Currently running services:
  DockObserver
  SurfaceFlinger
  SurfaceFlingerAIDL
  accessibility
  account
  activity
  activity_task
  adb
  alarm
  ambient_context
  android.frameworks.stats.IStats/default
  android.hardware.gnss.IGnss/default
  android.hardware.light.ILights/default
  android.hardware.power.IPower/default
  android.hardware.vibrator.IVibrator/default
  android.hardware.vibrator.IVibratorManager/default
  android.os.UpdateEngineService
  android.os.UpdateEngineStableService
  android.se.omapi.ISecureElementService/default
  android.security.apc
  android.security.authorization
  android.security.compat
  android.security.identity
  android.security.legacykeystore
  android.security.maintenance
  android.security.metrics
  android.service.gatekeeper.IGateKeeperService
  android.system.keystore2.IKeystoreService/default
  android.system.suspend.ISystemSuspend/default
  anrmanager
  app_binding
  app_hibernation
  app_integrity
  app_prediction
  app_search
  appops
  appwidget
  attention
  attestation_verification
  audio
  auth
  autofill
  backup
  battery
  batteryproperties
  batterystats
  binder_calls_stats
  biometric
  blob_store
  bluetooth_manager
  bugreport
  cacheinfo
  capctrl
  carrier_config
  clipboard
  cloudsearch
  color_display
  companiondevice
  connectivity
  connmetrics
  consumer_ir
  content
  content_capture
  country_detector
  cpuinfo
  crossprofileapps
  dataloader_manager
  dbinfo
  device_config
  device_identifiers
  device_policy
  device_state
  deviceidle
  devicestoragemonitor
  diskstats
  display
  dnsresolver
  domain_verification
  dreams
  drm.drmManager
  dropbox
  dynamic_system
  emergency_affordance
  ethernet
  external_vibrator_service
  file_integrity
  fingerprint
  font
  game
  gfxinfo
  gpu
  graphicsstats
  hardware_properties
  imms
  imtksms
  incident
  incidentcompanion
  incremental
  input
  input_method
  inputflinger
  installd
  ions
  iphonesubinfo
  iphonesubinfoEx
  ipsec
  isms
  isub
  isubstub
  jobscheduler
  launcherapps
  legacy_permission
  lights
  locale
  location
  location_time_zone_manager
  lock_settings
  logcat
  looper_stats
  manager
  mdns
  media.VTS
  media.audio_flinger
  media.audio_policy
  media.camera
  media.camera.proxy
  media.extractor
  media.metrics
  media.player
  media.resource_manager
  media.resource_observer
  media_communication
  media_metrics
  media_projection
  media_resource_monitor
  media_router
  media_session
  meminfo
  memtrack.proxy
  midi
  mount
  mtkIms
  mtkconnmetrics
  mtksimphonebook
  mwis
  nearby
  netd
  netd_listener
  netpolicy
  netstats
  network_management
  network_score
  network_stack
  network_time_update_service
  network_watchlist
  nfc
  notification
  oem_lock
  otadexopt
  overlay
  pac_proxy
  package
  package_native
  people
  performance_hint
  permission
  permission_checker
  permissionmgr
  persistent_data_block
  phone
  phoneEx
  pinner
  platform_compat
  platform_compat_native
  power
  power_hal_mgr_service
  powerstats
  print
  processinfo
  procstats
  reboot_readiness
  recovery
  resources
  restrictions
  role
  rollback
  runtime
  safety_center
  scheduling_policy
  sdk_sandbox
  search
  search_engine_service
  search_ui
  sec_key_att_app_id_provider
  secure_element
  sensor_privacy
  sensorservice
  serial
  servicediscovery
  settings
  shortcut
  simphonebook
  slice
  smartratswitch
  smartspace
  soundtrigger
  soundtrigger_middleware
  speech_recognition
  stats
  statsbootstrap
  statscompanion
  statsmanager
  statusbar
  storaged
  storaged_pri
  storagestats
  suspend_control
  suspend_control_internal
  system_config
  system_server_dumper
  system_update
  tare
  telecom
  telephony.mtkregistry
  telephony.registry
  telephony_ims
  testharness
  tethering
  textclassification
  textservices
  texttospeech
  thermalservice
  time_detector
  time_zone_detector
  tracing.proxy
  transparency
  trust
  uimode
  updatelock
  uri_grants
  usagestats
  usb
  user
  vcn_management
  vendor.mediatek.framework.mtksf_ext.IMtkSF_ext/default
  vibrator_manager
  virtualdevice
  voiceinteraction
  vold
  vpn_management
  wallpaper
  wallpaper_effects_generation
  webviewupdate
  wifi
  wifip2p
  wifiscanner
  window
