[Build.BRAND]: [MTK]
[apexd.status]: [ready]
[bluetooth.device.default_name]: [Altice_E55]
[bluetooth.profile.a2dp.source.enabled]: [true]
[bluetooth.profile.asha.central.enabled]: [true]
[bluetooth.profile.avrcp.target.enabled]: [true]
[bluetooth.profile.bas.client.enabled]: [true]
[bluetooth.profile.gatt.enabled]: [true]
[bluetooth.profile.hfp.ag.enabled]: [true]
[bluetooth.profile.hid.device.enabled]: [true]
[bluetooth.profile.hid.host.enabled]: [true]
[bluetooth.profile.map.server.enabled]: [true]
[bluetooth.profile.opp.enabled]: [true]
[bluetooth.profile.pan.nap.enabled]: [true]
[bluetooth.profile.pan.panu.enabled]: [true]
[bluetooth.profile.pbap.server.enabled]: [true]
[bluetooth.profile.sap.server.enabled]: [true]
[bootreceiver.enable]: [0]
[bpf.progs_loaded]: [1]
[build.version.extensions.ad_services]: [5]
[build.version.extensions.r]: [5]
[build.version.extensions.s]: [5]
[build.version.extensions.t]: [5]
[cache_key.bluetooth.bluetooth_adapter_get_connection_state]: [4963323945857626142]
[cache_key.bluetooth.bluetooth_adapter_get_profile_connection_state]: [4963323945857626143]
[cache_key.bluetooth.bluetooth_adapter_get_state]: [4963323945857626144]
[cache_key.bluetooth.bluetooth_adapter_is_offloaded_filtering_supported]: [4963323945857626137]
[cache_key.bluetooth.bluetooth_device_get_bond_state]: [4963323945857626134]
[cache_key.bluetooth.bluetooth_map_get_connection_state]: [4963323945857626140]
[cache_key.bluetooth.bluetooth_sap_get_connection_state]: [4963323945857626141]
[cache_key.display_info]: [-6222536535234061263]
[cache_key.get_packages_for_uid]: [-6222536535234061272]
[cache_key.has_system_feature]: [-6222536535234062070]
[cache_key.is_compat_change_enabled]: [-6222536535234061283]
[cache_key.is_interactive]: [-6222536535234061265]
[cache_key.is_power_save_mode]: [-6222536535234062056]
[cache_key.is_user_unlocked]: [-6222536535234062004]
[cache_key.location_enabled]: [-6222536535234062057]
[cache_key.package_info]: [-6222536535234061282]
[cache_key.system_server.accounts_data]: [-6222536535234061598]
[cache_key.system_server.device_policy_manager_caches]: [-6222536535234062059]
[cache_key.system_server.get_credential_type]: [-6222536535234062045]
[cache_key.telephony.get_active_data_sub_id]: [3739987783461273798]
[cache_key.telephony.get_default_data_sub_id]: [3739987783461273781]
[cache_key.telephony.get_default_sms_sub_id]: [3739987783461273787]
[cache_key.telephony.get_default_sub_id]: [3739987783461273785]
[cache_key.telephony.get_slot_index]: [3739987783461273786]
[cache_key.telephony.phone_account_to_subid]: [3739987783461273797]
[camera.disable_zsl_mode]: [1]
[dalvik.vm.appimageformat]: [lz4]
[dalvik.vm.dex2oat-Xms]: [64m]
[dalvik.vm.dex2oat-Xmx]: [512m]
[dalvik.vm.dex2oat-max-image-block-size]: [524288]
[dalvik.vm.dex2oat-minidebuginfo]: [true]
[dalvik.vm.dex2oat-resolve-startup-strings]: [true]
[dalvik.vm.dexopt.secondary]: [true]
[dalvik.vm.dexopt.thermal-cutoff]: [2]
[dalvik.vm.heapgrowthlimit]: [256m]
[dalvik.vm.heapsize]: [512m]
[dalvik.vm.image-dex2oat-Xms]: [64m]
[dalvik.vm.image-dex2oat-Xmx]: [64m]
[dalvik.vm.isa.arm.features]: [default]
[dalvik.vm.isa.arm.variant]: [cortex-a53]
[dalvik.vm.isa.arm64.features]: [default]
[dalvik.vm.isa.arm64.variant]: [cortex-a53]
[dalvik.vm.lockprof.threshold]: [500]
[dalvik.vm.madvise.artfile.size]: [4294967295]
[dalvik.vm.madvise.odexfile.size]: [104857600]
[dalvik.vm.madvise.vdexfile.size]: [104857600]
[dalvik.vm.minidebuginfo]: [true]
[dalvik.vm.mtk-stack-trace-file]: [/data/anr/mtk_traces.txt]
[dalvik.vm.ps-min-first-save-ms]: [150000]
[dalvik.vm.usejit]: [true]
[dalvik.vm.usejitprofiles]: [true]
[debug.atrace.tags.enableflags]: [0]
[debug.debuggerd.disable]: [1]
[debug.fdsan]: [fatal]
[debug.force_rtl]: [false]
[debug.renderengine.backend]: [skiagl]
[debug.sf.disable_backpressure]: [1]
[debug.sf.early.app.duration]: [20000000]
[debug.sf.early.sf.duration]: [27600000]
[debug.sf.earlyGl.app.duration]: [20000000]
[debug.sf.earlyGl.sf.duration]: [27600000]
[debug.sf.enable_transaction_tracing]: [false]
[debug.sf.hwc.min.duration]: [2000000]
[debug.sf.latch_unsignaled]: [true]
[debug.sf.late.app.duration]: [20000000]
[debug.sf.late.sf.duration]: [27600000]
[debug.sf.predict_hwc_composition_strategy]: [0]
[debug.sf.use_phase_offsets_as_durations]: [1]
[debug.stagefright.c2inputsurface]: [-1]
[debug.tracing.screen_brightness]: [0.0]
[debug.tracing.screen_state]: [1]
[dev.bootcomplete]: [1]
[dev.mnt.blk.data]: [mmcblk0p46]
[dev.mnt.blk.data.user.0]: [mmcblk0p46]
[dev.mnt.blk.data_mirror.cur_profiles]: [mmcblk0p46]
[dev.mnt.blk.data_mirror.data_ce.null]: [mmcblk0p46]
[dev.mnt.blk.data_mirror.data_ce.null.0]: [mmcblk0p46]
[dev.mnt.blk.data_mirror.data_de.null]: [mmcblk0p46]
[dev.mnt.blk.data_mirror.ref_profiles]: [mmcblk0p46]
[dev.mnt.blk.metadata]: [mmcblk0p7]
[dev.mnt.blk.mnt.vendor.nvcfg]: [mmcblk0p5]
[dev.mnt.blk.mnt.vendor.nvdata]: [mmcblk0p6]
[dev.mnt.blk.mnt.vendor.persist]: [mmcblk0p12]
[dev.mnt.blk.mnt.vendor.protect_f]: [mmcblk0p9]
[dev.mnt.blk.mnt.vendor.protect_s]: [mmcblk0p10]
[dev.mnt.blk.product]: [mmcblk0p42]
[dev.mnt.blk.root]: [mmcblk0p42]
[dev.mnt.blk.vendor]: [mmcblk0p42]
[dev.mnt.dev.data]: [dm-37]
[dev.mnt.dev.data.user.0]: [dm-37]
[dev.mnt.dev.data_mirror.cur_profiles]: [dm-37]
[dev.mnt.dev.data_mirror.data_ce.null]: [dm-37]
[dev.mnt.dev.data_mirror.data_ce.null.0]: [dm-37]
[dev.mnt.dev.data_mirror.data_de.null]: [dm-37]
[dev.mnt.dev.data_mirror.ref_profiles]: [dm-37]
[dev.mnt.dev.metadata]: [mmcblk0p7]
[dev.mnt.dev.mnt.vendor.nvcfg]: [mmcblk0p5]
[dev.mnt.dev.mnt.vendor.nvdata]: [mmcblk0p6]
[dev.mnt.dev.mnt.vendor.persist]: [mmcblk0p12]
[dev.mnt.dev.mnt.vendor.protect_f]: [mmcblk0p9]
[dev.mnt.dev.mnt.vendor.protect_s]: [mmcblk0p10]
[dev.mnt.dev.product]: [dm-6]
[dev.mnt.dev.root]: [dm-4]
[dev.mnt.dev.vendor]: [dm-5]
[dev.mnt.rootdisk.data]: [mmcblk0]
[dev.mnt.rootdisk.data.user.0]: [mmcblk0]
[dev.mnt.rootdisk.data_mirror.cur_profiles]: [mmcblk0]
[dev.mnt.rootdisk.data_mirror.data_ce.null]: [mmcblk0]
[dev.mnt.rootdisk.data_mirror.data_ce.null.0]: [mmcblk0]
[dev.mnt.rootdisk.data_mirror.data_de.null]: [mmcblk0]
[dev.mnt.rootdisk.data_mirror.ref_profiles]: [mmcblk0]
[dev.mnt.rootdisk.metadata]: [mmcblk0]
[dev.mnt.rootdisk.mnt.vendor.nvcfg]: [mmcblk0]
[dev.mnt.rootdisk.mnt.vendor.nvdata]: [mmcblk0]
[dev.mnt.rootdisk.mnt.vendor.persist]: [mmcblk0]
[dev.mnt.rootdisk.mnt.vendor.protect_f]: [mmcblk0]
[dev.mnt.rootdisk.mnt.vendor.protect_s]: [mmcblk0]
[dev.mnt.rootdisk.product]: [mmcblk0]
[dev.mnt.rootdisk.root]: [mmcblk0]
[dev.mnt.rootdisk.vendor]: [mmcblk0]
[drm.service.enabled]: [true]
[dumpstate.last_id]: [1]
[external_storage.casefold.enabled]: [1]
[external_storage.projid.enabled]: [1]
[external_storage.sdcardfs.enabled]: [0]
[gsid.image_installed]: [0]
[gsm.current.phone-type]: [1,1]
[gsm.network.type]: [LTE,Unknown]
[gsm.operator.alpha]: [CU,]
[gsm.operator.iso-country]: [cn,]
[gsm.operator.isroaming]: [false,false]
[gsm.operator.numeric]: [46001,]
[gsm.sim.num.simlock]: []
[gsm.sim.operator.alpha]: [China Unicom]
[gsm.sim.operator.iso-country]: [cn]
[gsm.sim.operator.numeric]: [46001]
[gsm.sim.preiccid_0]: [8986012]
[gsm.sim.preiccid_1]: []
[gsm.sim.state]: [LOADED,ABSENT]
[gsm.sim1.num.simlock]: []
[gsm.sim1.type]: [20]
[gsm.sim2.type]: []
[gsm.slot1.num.pin1]: [3]
[gsm.slot1.num.pin2]: [3]
[gsm.slot1.num.puk1]: [10]
[gsm.slot1.num.puk2]: [10]
[gsm.slot2.num.pin1]: []
[gsm.slot2.num.pin2]: []
[gsm.slot2.num.puk1]: []
[gsm.slot2.num.puk2]: []
[gsm.version.baseband]: [MOLY.LR12A.R3.MP.V255.P3,MOLY.LR12A.R3.MP.V255.P3]
[gsm.version.ril-impl]: [android reference-ril 1.0]
[hwservicemanager.ready]: [true]
[init.svc.adbd]: [running]
[init.svc.aee-reinit]: [stopped]
[init.svc.aee_aed]: [running]
[init.svc.aee_aed64]: [running]
[init.svc.aee_aedv]: [running]
[init.svc.aee_aedv64]: [running]
[init.svc.agpsd]: [running]
[init.svc.android-hardware-media-c2-hal-1-2]: [running]
[init.svc.apexd]: [stopped]
[init.svc.apexd-bootstrap]: [stopped]
[init.svc.apexd-snapshotde]: [stopped]
[init.svc.audioserver]: [running]
[init.svc.batterywarning]: [running]
[init.svc.bluetooth-1-1]: [running]
[init.svc.bootanim]: [stopped]
[init.svc.bootlogoupdater]: [stopped]
[init.svc.boringssl_self_test32]: [stopped]
[init.svc.boringssl_self_test32_vendor]: [stopped]
[init.svc.boringssl_self_test64]: [stopped]
[init.svc.boringssl_self_test64_vendor]: [stopped]
[init.svc.boringssl_self_test_apex32]: [stopped]
[init.svc.boringssl_self_test_apex64]: [stopped]
[init.svc.bpfloader]: [stopped]
[init.svc.bsplogstart]: [stopped]
[init.svc.camerahalserver]: [running]
[init.svc.cameraserver]: [running]
[init.svc.ccci3_mdinit]: [stopped]
[init.svc.ccci_mdinit]: [running]
[init.svc.connsyslogger]: [running]
[init.svc.console]: [running]
[init.svc.cplogstart]: [stopped]
[init.svc.credstore]: [running]
[init.svc.derive_classpath]: [stopped]
[init.svc.derive_sdk]: [stopped]
[init.svc.drm]: [running]
[init.svc.emdlogger]: [running]
[init.svc.emsvr_user]: [running]
[init.svc.fuelgauged]: [running]
[init.svc.fuelgauged_nvram]: [stopped]
[init.svc.gatekeeperd]: [running]
[init.svc.getgameserver]: [running]
[init.svc.gpu]: [running]
[init.svc.gsid]: [stopped]
[init.svc.health-hal-2-1]: [running]
[init.svc.heapprofd]: [stopped]
[init.svc.hidl_memory]: [running]
[init.svc.hostapd]: [stopped]
[init.svc.hwservicemanager]: [running]
[init.svc.idmap2d]: [stopped]
[init.svc.incidentd]: [running]
[init.svc.installd]: [running]
[init.svc.ipsec_mon]: [running]
[init.svc.keystore2]: [running]
[init.svc.lbs_dbg]: [running]
[init.svc.lbs_hidl_service]: [running]
[init.svc.lmkd]: [running]
[init.svc.logcatd]: [stopped]
[init.svc.logd]: [running]
[init.svc.logd-auditctl]: [stopped]
[init.svc.logd-reinit]: [stopped]
[init.svc.lpdumpd]: [stopped]
[init.svc.media]: [running]
[init.svc.media.swcodec]: [running]
[init.svc.mediacodec]: [running]
[init.svc.mediadrm]: [running]
[init.svc.mediaextractor]: [running]
[init.svc.mediametrics]: [running]
[init.svc.mnld]: [running]
[init.svc.mobile_log_d]: [running]
[init.svc.mtk.plpath.utils.link]: [stopped]
[init.svc.mtk_secure_element_hal_service]: [running]
[init.svc.netd]: [running]
[init.svc.netdagent]: [running]
[init.svc.netdiag]: [running]
[init.svc.nvram-hidl-1-1]: [running]
[init.svc.nvram_daemon]: [stopped]
[init.svc.odsign]: [stopped]
[init.svc.power-hal-1-0]: [running]
[init.svc.pq-2-2]: [running]
[init.svc.servicemanager]: [running]
[init.svc.statsd]: [running]
[init.svc.storaged]: [running]
[init.svc.stp_dump]: [running]
[init.svc.surfaceflinger]: [running]
[init.svc.system_suspend]: [running]
[init.svc.tee_check_keybox]: [stopped]
[init.svc.teed]: [running]
[init.svc.terservice]: [stopped]
[init.svc.tetheroffloadservice]: [stopped]
[init.svc.thermal]: [running]
[init.svc.thermal_manager]: [stopped]
[init.svc.thermald]: [running]
[init.svc.thermalloadalgod]: [running]
[init.svc.tombstoned]: [running]
[init.svc.traced]: [running]
[init.svc.traced_perf]: [stopped]
[init.svc.traced_probes]: [running]
[init.svc.ueventd]: [running]
[init.svc.update_engine]: [running]
[init.svc.update_verifier_nonencrypted]: [stopped]
[init.svc.usbd]: [stopped]
[init.svc.vendor.audio-hal]: [running]
[init.svc.vendor.bip]: [running]
[init.svc.vendor.boot-hal-1-2]: [running]
[init.svc.vendor.ccci_rpcd]: [running]
[init.svc.vendor.drm-clearkey-hal-1-4]: [running]
[init.svc.vendor.drm-widevine-hal-1-4]: [running]
[init.svc.vendor.epdg_wod]: [running]
[init.svc.vendor.focaltech.fps_hal]: [running]
[init.svc.vendor.fps_hal]: [running]
[init.svc.vendor.gatekeeper-1-0]: [running]
[init.svc.vendor.gnss-default]: [running]
[init.svc.vendor.gralloc-4-0]: [running]
[init.svc.vendor.gsm0710muxd]: [running]
[init.svc.vendor.hwcomposer-2-1]: [running]
[init.svc.vendor.keymaster-4-1-trustkernel]: [running]
[init.svc.vendor.light-default]: [running]
[init.svc.vendor.memtrack-hal-1-0]: [running]
[init.svc.vendor.nfc_hal_service]: [running]
[init.svc.vendor.ril-daemon-mtk]: [running]
[init.svc.vendor.sensors-hal-2-0-multihal]: [running]
[init.svc.vendor.thermal-hal-2-0.mtk]: [running]
[init.svc.vendor.usb-hal-1-2]: [running]
[init.svc.vendor.vibrator-default]: [running]
[init.svc.vendor.volte_imcb]: [running]
[init.svc.vendor.volte_stack]: [running]
[init.svc.vendor.volte_ua]: [running]
[init.svc.vendor.wifi_hal_legacy]: [running]
[init.svc.vndservicemanager]: [running]
[init.svc.vold]: [running]
[init.svc.volte_imsm_93]: [running]
[init.svc.volte_md_status]: [running]
[init.svc.vtservice]: [running]
[init.svc.vtservice_hidl]: [running]
[init.svc.wfca]: [running]
[init.svc.wificond]: [running]
[init.svc.wlan_assistant]: [running]
[init.svc.wmt_launcher]: [running]
[init.svc.wmt_loader]: [stopped]
[init.svc.wpa_supplicant]: [running]
[init.svc.zygote]: [running]
[init.svc.zygote_secondary]: [running]
[init.svc_debug_pid.adbd]: [19784]
[init.svc_debug_pid.aee-reinit]: []
[init.svc_debug_pid.aee_aed]: [509]
[init.svc_debug_pid.aee_aed64]: [510]
[init.svc_debug_pid.aee_aedv]: [507]
[init.svc_debug_pid.aee_aedv64]: [508]
[init.svc_debug_pid.agpsd]: [978]
[init.svc_debug_pid.android-hardware-media-c2-hal-1-2]: [678]
[init.svc_debug_pid.apexd]: []
[init.svc_debug_pid.apexd-bootstrap]: []
[init.svc_debug_pid.apexd-snapshotde]: []
[init.svc_debug_pid.audioserver]: [702]
[init.svc_debug_pid.batterywarning]: [2283]
[init.svc_debug_pid.bluetooth-1-1]: [667]
[init.svc_debug_pid.bootanim]: []
[init.svc_debug_pid.bootlogoupdater]: []
[init.svc_debug_pid.boringssl_self_test32]: []
[init.svc_debug_pid.boringssl_self_test32_vendor]: []
[init.svc_debug_pid.boringssl_self_test64]: []
[init.svc_debug_pid.boringssl_self_test64_vendor]: []
[init.svc_debug_pid.boringssl_self_test_apex32]: []
[init.svc_debug_pid.boringssl_self_test_apex64]: []
[init.svc_debug_pid.bpfloader]: []
[init.svc_debug_pid.bsplogstart]: []
[init.svc_debug_pid.camerahalserver]: [961]
[init.svc_debug_pid.cameraserver]: [892]
[init.svc_debug_pid.ccci3_mdinit]: []
[init.svc_debug_pid.ccci_mdinit]: [724]
[init.svc_debug_pid.connsyslogger]: [1060]
[init.svc_debug_pid.console]: [465]
[init.svc_debug_pid.cplogstart]: []
[init.svc_debug_pid.credstore]: [705]
[init.svc_debug_pid.derive_classpath]: []
[init.svc_debug_pid.derive_sdk]: []
[init.svc_debug_pid.drm]: [860]
[init.svc_debug_pid.emdlogger]: [948]
[init.svc_debug_pid.emsvr_user]: [862]
[init.svc_debug_pid.fuelgauged]: [719]
[init.svc_debug_pid.fuelgauged_nvram]: []
[init.svc_debug_pid.gatekeeperd]: [1022]
[init.svc_debug_pid.getgameserver]: [967]
[init.svc_debug_pid.gpu]: [707]
[init.svc_debug_pid.gsid]: []
[init.svc_debug_pid.health-hal-2-1]: [676]
[init.svc_debug_pid.heapprofd]: []
[init.svc_debug_pid.hidl_memory]: [664]
[init.svc_debug_pid.hostapd]: []
[init.svc_debug_pid.hwservicemanager]: [461]
[init.svc_debug_pid.idmap2d]: []
[init.svc_debug_pid.incidentd]: [905]
[init.svc_debug_pid.installd]: [909]
[init.svc_debug_pid.ipsec_mon]: [976]
[init.svc_debug_pid.keystore2]: [523]
[init.svc_debug_pid.lbs_dbg]: [889]
[init.svc_debug_pid.lbs_hidl_service]: [692]
[init.svc_debug_pid.lmkd]: [459]
[init.svc_debug_pid.logcatd]: []
[init.svc_debug_pid.logd]: [458]
[init.svc_debug_pid.logd-auditctl]: []
[init.svc_debug_pid.logd-reinit]: []
[init.svc_debug_pid.lpdumpd]: []
[init.svc_debug_pid.media]: [920]
[init.svc_debug_pid.media.swcodec]: [984]
[init.svc_debug_pid.mediacodec]: [958]
[init.svc_debug_pid.mediaextractor]: [910]
[init.svc_debug_pid.mediametrics]: [918]
[init.svc_debug_pid.mnld]: [886]
[init.svc_debug_pid.mobile_log_d]: [921]
[init.svc_debug_pid.mtk.plpath.utils.link]: []
[init.svc_debug_pid.mtk_secure_element_hal_service]: [683]
[init.svc_debug_pid.netd]: [655]
[init.svc_debug_pid.netdagent]: [1038]
[init.svc_debug_pid.netdiag]: [922]
[init.svc_debug_pid.nvram-hidl-1-1]: [699]
[init.svc_debug_pid.nvram_daemon]: []
[init.svc_debug_pid.odsign]: []
[init.svc_debug_pid.power-hal-1-0]: [697]
[init.svc_debug_pid.pq-2-2]: [979]
[init.svc_debug_pid.servicemanager]: [460]
[init.svc_debug_pid.statsd]: [654]
[init.svc_debug_pid.storaged]: [937]
[init.svc_debug_pid.stp_dump]: [856]
[init.svc_debug_pid.surfaceflinger]: [709]
[init.svc_debug_pid.system_suspend]: [519]
[init.svc_debug_pid.tee_check_keybox]: []
[init.svc_debug_pid.teed]: [511]
[init.svc_debug_pid.terservice]: []
[init.svc_debug_pid.tetheroffloadservice]: []
[init.svc_debug_pid.thermal]: [971]
[init.svc_debug_pid.thermal_manager]: []
[init.svc_debug_pid.thermald]: [906]
[init.svc_debug_pid.thermalloadalgod]: [975]
[init.svc_debug_pid.tombstoned]: [551]
[init.svc_debug_pid.traced]: [873]
[init.svc_debug_pid.traced_perf]: []
[init.svc_debug_pid.traced_probes]: [870]
[init.svc_debug_pid.ueventd]: [380]
[init.svc_debug_pid.update_engine]: [1034]
[init.svc_debug_pid.update_verifier_nonencrypted]: []
[init.svc_debug_pid.usbd]: []
[init.svc_debug_pid.vendor.audio-hal]: [665]
[init.svc_debug_pid.vendor.bip]: [1113]
[init.svc_debug_pid.vendor.boot-hal-1-2]: [474]
[init.svc_debug_pid.vendor.ccci_rpcd]: [728]
[init.svc_debug_pid.vendor.drm-clearkey-hal-1-4]: [668]
[init.svc_debug_pid.vendor.drm-widevine-hal-1-4]: [669]
[init.svc_debug_pid.vendor.epdg_wod]: [1130]
[init.svc_debug_pid.vendor.focaltech.fps_hal]: [696]
[init.svc_debug_pid.vendor.fps_hal]: [1037]
[init.svc_debug_pid.vendor.gatekeeper-1-0]: [670]
[init.svc_debug_pid.vendor.gnss-default]: [672]
[init.svc_debug_pid.vendor.gralloc-4-0]: [673]
[init.svc_debug_pid.vendor.gsm0710muxd]: [1082]
[init.svc_debug_pid.vendor.hwcomposer-2-1]: [675]
[init.svc_debug_pid.vendor.keymaster-4-1-trustkernel]: [524]
[init.svc_debug_pid.vendor.light-default]: [694]
[init.svc_debug_pid.vendor.memtrack-hal-1-0]: [680]
[init.svc_debug_pid.vendor.nfc_hal_service]: [681]
[init.svc_debug_pid.vendor.ril-daemon-mtk]: [1250]
[init.svc_debug_pid.vendor.sensors-hal-2-0-multihal]: [686]
[init.svc_debug_pid.vendor.thermal-hal-2-0.mtk]: [688]
[init.svc_debug_pid.vendor.usb-hal-1-2]: [689]
[init.svc_debug_pid.vendor.vibrator-default]: [700]
[init.svc_debug_pid.vendor.volte_imcb]: [1121]
[init.svc_debug_pid.vendor.volte_stack]: [1116]
[init.svc_debug_pid.vendor.volte_ua]: [1117]
[init.svc_debug_pid.vendor.wifi_hal_legacy]: [1513]
[init.svc_debug_pid.vndservicemanager]: [463]
[init.svc_debug_pid.vold]: [473]
[init.svc_debug_pid.volte_imsm_93]: [1115]
[init.svc_debug_pid.volte_md_status]: [471]
[init.svc_debug_pid.vtservice]: [908]
[init.svc_debug_pid.vtservice_hidl]: [691]
[init.svc_debug_pid.wfca]: [734]
[init.svc_debug_pid.wificond]: [944]
[init.svc_debug_pid.wlan_assistant]: [982]
[init.svc_debug_pid.wmt_launcher]: [513]
[init.svc_debug_pid.wmt_loader]: []
[init.svc_debug_pid.wpa_supplicant]: [1529]
[init.svc_debug_pid.zygote]: [656]
[init.svc_debug_pid.zygote_secondary]: [657]
[init.userspace_reboot.is_supported]: [true]
[keystore.boot_level]: [1000000000]
[khungtask.enable]: [false]
[llk.enable]: [false]
[log.tag]: [M]
[log.tag.APM_AudioPolicyManager]: [D]
[logd.logpersistd]: []
[logd.logpersistd.enable]: [true]
[logd.ready]: [true]
[media.c2.dmabuf.padding]: [3072]
[media.stagefright.thumbnail.prefer_hw_codecs]: [true]
[mediatek.wlan.ctia]: [0]
[net.bt.name]: [Android]
[net.lte.data.roaming.setting1]: [false]
[net.tcp_def_init_rwnd]: [60]
[nfc.initialized]: [true]
[odsign.key.done]: [1]
[odsign.verification.done]: [1]
[odsign.verification.success]: [1]
[partition.product.verified]: [2]
[partition.product.verified.hash_alg]: [sha256]
[partition.product.verified.root_digest]: [597c3bd1f4a6025e0f5dceb9f40204476862c6826ce7a5d347f0ae028a493ade]
[partition.system.verified]: [2]
[partition.system.verified.hash_alg]: [sha256]
[partition.system.verified.root_digest]: [2cf2e2ea3c87ba517de58d6ca7b28a51ff33449154906e6dad01cd8c3351155f]
[partition.vendor.verified]: [2]
[partition.vendor.verified.hash_alg]: [sha256]
[partition.vendor.verified.root_digest]: [810b1a872b5c2377df7f26d14c197da2969d0732fa303d9f8cc491e0caf482b6]
[persist.bluetooth.btsnoopdefaultmode]: [disabled]
[persist.debug.dalvik.vm.core_platform_api_policy]: [just-warn]
[persist.device_config.attempted_boot_count]: [0]
[persist.log.tag.AT]: [I]
[persist.log.tag.AdnRecord]: [I]
[persist.log.tag.AdnRecordCache]: [I]
[persist.log.tag.AdnRecordLoader]: [I]
[persist.log.tag.AirplaneHandler]: [I]
[persist.log.tag.C2K_RIL-DATA]: [I]
[persist.log.tag.CapaSwitch]: [I]
[persist.log.tag.CountryDetector]: [I]
[persist.log.tag.DSSelector]: [I]
[persist.log.tag.DSSelectorOP01]: [I]
[persist.log.tag.DSSelectorOP02]: [I]
[persist.log.tag.DSSelectorOP09]: [I]
[persist.log.tag.DSSelectorOP18]: [I]
[persist.log.tag.DSSelectorOm]: [I]
[persist.log.tag.DSSelectorUtil]: [I]
[persist.log.tag.DataDispatcher]: [I]
[persist.log.tag.DcFcMgr]: [I]
[persist.log.tag.EccNumberPreference]: [I]
[persist.log.tag.EccNumberSource]: [I]
[persist.log.tag.ExternalSimMgr]: [I]
[persist.log.tag.GsmCallTkrHlpr]: [I]
[persist.log.tag.GsmCdmaConn]: [I]
[persist.log.tag.GsmCdmaPhone]: [I]
[persist.log.tag.IMSRILRequest]: [I]
[persist.log.tag.IMS_RILA]: [I]
[persist.log.tag.IccCardProxy]: [I]
[persist.log.tag.IccPhoneBookIM]: [I]
[persist.log.tag.IccProvider]: [I]
[persist.log.tag.ImsApp]: [I]
[persist.log.tag.ImsBaseCommands]: [I]
[persist.log.tag.ImsCall]: [I]
[persist.log.tag.ImsCallProfile]: [I]
[persist.log.tag.ImsCallSession]: [I]
[persist.log.tag.ImsEcbm]: [I]
[persist.log.tag.ImsEcbmProxy]: [I]
[persist.log.tag.ImsManager]: [I]
[persist.log.tag.ImsPhone]: [I]
[persist.log.tag.ImsPhoneBase]: [I]
[persist.log.tag.ImsPhoneCall]: [I]
[persist.log.tag.ImsService]: [I]
[persist.log.tag.ImsVTProvider]: [I]
[persist.log.tag.IsimFileHandler]: [I]
[persist.log.tag.IsimRecords]: [I]
[persist.log.tag.MTKSST]: [D]
[persist.log.tag.MtkAdnRecord]: [I]
[persist.log.tag.MtkCsimFH]: [I]
[persist.log.tag.MtkDc]: [I]
[persist.log.tag.MtkDcc]: [I]
[persist.log.tag.MtkDct]: [I]
[persist.log.tag.MtkEmbmsAdaptor]: [I]
[persist.log.tag.MtkFactory]: [I]
[persist.log.tag.MtkGsmCdmaConn]: [I]
[persist.log.tag.MtkIccCardProxy]: [I]
[persist.log.tag.MtkIccPHBIM]: [I]
[persist.log.tag.MtkIccProvider]: [I]
[persist.log.tag.MtkImsManager]: [I]
[persist.log.tag.MtkImsService]: [I]
[persist.log.tag.MtkIsimFH]: [I]
[persist.log.tag.MtkPhoneNotifr]: [I]
[persist.log.tag.MtkPhoneNumberUtils]: [I]
[persist.log.tag.MtkPhoneSwitcher]: [D]
[persist.log.tag.MtkRecordLoader]: [I]
[persist.log.tag.MtkRetryManager]: [I]
[persist.log.tag.MtkRuimFH]: [I]
[persist.log.tag.MtkSIMFH]: [I]
[persist.log.tag.MtkSIMRecords]: [I]
[persist.log.tag.MtkSmsCbHeader]: [I]
[persist.log.tag.MtkSmsManager]: [I]
[persist.log.tag.MtkSmsMessage]: [I]
[persist.log.tag.MtkSpnOverride]: [I]
[persist.log.tag.MtkSubCtrl]: [I]
[persist.log.tag.MtkUiccCard]: [I]
[persist.log.tag.MtkUiccCardApp]: [I]
[persist.log.tag.MtkUiccCtrl]: [I]
[persist.log.tag.MtkUsimFH]: [I]
[persist.log.tag.MwiRIL]: [I]
[persist.log.tag.NetAgentService]: [I]
[persist.log.tag.NetAgent_IO]: [I]
[persist.log.tag.NetLnkEventHdlr]: [I]
[persist.log.tag.NetworkPolicy]: [I]
[persist.log.tag.NetworkStats]: [I]
[persist.log.tag.OperatorUtils]: [I]
[persist.log.tag.PQ_DS]: [I]
[persist.log.tag.Phone]: [I]
[persist.log.tag.PhoneFactory]: [I]
[persist.log.tag.PowerHalAddressUitls]: [I]
[persist.log.tag.PowerHalMgrImpl]: [I]
[persist.log.tag.PowerHalMgrServiceImpl]: [I]
[persist.log.tag.PowerHalWifiMonitor]: [I]
[persist.log.tag.ProxyController]: [I]
[persist.log.tag.RFX]: [I]
[persist.log.tag.RIL]: [I]
[persist.log.tag.RIL-Fusion]: [I]
[persist.log.tag.RIL-Netlink]: [I]
[persist.log.tag.RIL-Parcel]: [I]
[persist.log.tag.RIL-SocListen]: [I]
[persist.log.tag.RIL-Socket]: [I]
[persist.log.tag.RILC]: [I]
[persist.log.tag.RILC-OP]: [I]
[persist.log.tag.RILD]: [I]
[persist.log.tag.RILMD2-SS]: [I]
[persist.log.tag.RILMUXD]: [I]
[persist.log.tag.RIL_UIM_SOCKET]: [I]
[persist.log.tag.RTC_DAC]: [I]
[persist.log.tag.RadioManager]: [I]
[persist.log.tag.RfxAction]: [I]
[persist.log.tag.RfxChannelMgr]: [I]
[persist.log.tag.RfxCloneMgr]: [I]
[persist.log.tag.RfxContFactory]: [I]
[persist.log.tag.RfxController]: [I]
[persist.log.tag.RfxDebugInfo]: [I]
[persist.log.tag.RfxDisThread]: [I]
[persist.log.tag.RfxFragEnc]: [I]
[persist.log.tag.RfxHandlerMgr]: [I]
[persist.log.tag.RfxIdToMsgId]: [I]
[persist.log.tag.RfxIdToStr]: [I]
[persist.log.tag.RfxMainThread]: [I]
[persist.log.tag.RfxMclDisThread]: [I]
[persist.log.tag.RfxMclMessenger]: [I]
[persist.log.tag.RfxMclStatusMgr]: [I]
[persist.log.tag.RfxMessage]: [I]
[persist.log.tag.RfxObject]: [I]
[persist.log.tag.RfxOpUtils]: [I]
[persist.log.tag.RfxRilAdapter]: [I]
[persist.log.tag.RfxRilUtils]: [I]
[persist.log.tag.RfxRoot]: [I]
[persist.log.tag.RfxStatusMgr]: [I]
[persist.log.tag.RfxTimer]: [I]
[persist.log.tag.RilClient]: [I]
[persist.log.tag.RilOemClient]: [I]
[persist.log.tag.RilOpProxy]: [I]
[persist.log.tag.RmcCapa]: [I]
[persist.log.tag.RmcCdmaSimRequest]: [I]
[persist.log.tag.RmcCdmaSimUrc]: [I]
[persist.log.tag.RmcCommSimOpReq]: [I]
[persist.log.tag.RmcCommSimReq]: [I]
[persist.log.tag.RmcCommSimUrc]: [I]
[persist.log.tag.RmcDcCommon]: [I]
[persist.log.tag.RmcDcPdnManager]: [I]
[persist.log.tag.RmcDcReqHandler]: [I]
[persist.log.tag.RmcDcUtility]: [I]
[persist.log.tag.RmcEccNumberUrcHandler]: [I]
[persist.log.tag.RmcEmbmsReq]: [I]
[persist.log.tag.RmcEmbmsUrc]: [I]
[persist.log.tag.RmcGsmSimRequest]: [I]
[persist.log.tag.RmcGsmSimUrc]: [I]
[persist.log.tag.RmcImsCtlReqHdl]: [I]
[persist.log.tag.RmcImsCtlUrcHdl]: [I]
[persist.log.tag.RmcNwHdlr]: [D]
[persist.log.tag.RmcNwRTReqHdlr]: [D]
[persist.log.tag.RmcNwReqHdlr]: [D]
[persist.log.tag.RmcOemHandler]: [I]
[persist.log.tag.RmcOpRadioReq]: [I]
[persist.log.tag.RmcPhbReq]: [I]
[persist.log.tag.RmcPhbUrc]: [I]
[persist.log.tag.RmcRadioReq]: [I]
[persist.log.tag.RmcRatSwHdlr]: [D]
[persist.log.tag.RmcWp]: [I]
[persist.log.tag.RtcCapa]: [I]
[persist.log.tag.RtcCommSimCtrl]: [I]
[persist.log.tag.RtcDC]: [I]
[persist.log.tag.RtcEccNumberController]: [I]
[persist.log.tag.RtcEmbmsAt]: [I]
[persist.log.tag.RtcEmbmsUtil]: [I]
[persist.log.tag.RtcIms]: [I]
[persist.log.tag.RtcImsConference]: [I]
[persist.log.tag.RtcImsConfigController]: [I]
[persist.log.tag.RtcImsDialog]: [I]
[persist.log.tag.RtcModeCont]: [I]
[persist.log.tag.RtcNwCtrl]: [I]
[persist.log.tag.RtcPhb]: [I]
[persist.log.tag.RtcRadioCont]: [I]
[persist.log.tag.RtcRatSwCtrl]: [D]
[persist.log.tag.RtcWp]: [I]
[persist.log.tag.SIMRecords]: [I]
[persist.log.tag.SimSwitchOP01]: [I]
[persist.log.tag.SimSwitchOP02]: [I]
[persist.log.tag.SimSwitchOP18]: [I]
[persist.log.tag.SlotQueueEntry]: [I]
[persist.log.tag.SpnOverride]: [I]
[persist.log.tag.Telecom]: [I]
[persist.log.tag.UiccCard]: [I]
[persist.log.tag.UiccController]: [I]
[persist.log.tag.UxUtility]: [I]
[persist.log.tag.VT]: [I]
[persist.log.tag.VsimAdaptor]: [I]
[persist.log.tag.WORLDMODE]: [I]
[persist.log.tag.WfoApp]: [I]
[persist.log.tag.WpfaCcciDataHeaderEncoder]: [I]
[persist.log.tag.WpfaCcciReader]: [I]
[persist.log.tag.WpfaCcciSender]: [I]
[persist.log.tag.WpfaControlMsgHandler]: [I]
[persist.log.tag.WpfaDriver]: [I]
[persist.log.tag.WpfaDriverAccept]: [I]
[persist.log.tag.WpfaDriverAdapter]: [I]
[persist.log.tag.WpfaDriverDeReg]: [I]
[persist.log.tag.WpfaDriverMessage]: [I]
[persist.log.tag.WpfaDriverRegFilter]: [I]
[persist.log.tag.WpfaDriverULIpPkt]: [I]
[persist.log.tag.WpfaDriverUtilis]: [I]
[persist.log.tag.WpfaDriverVersion]: [I]
[persist.log.tag.WpfaFilterRuleReqHandler]: [I]
[persist.log.tag.WpfaParsing]: [I]
[persist.log.tag.WpfaRingBuffer]: [I]
[persist.log.tag.WpfaRuleContainer]: [I]
[persist.log.tag.WpfaRuleRegister]: [I]
[persist.log.tag.WpfaShmAccessController]: [I]
[persist.log.tag.WpfaShmReadMsgHandler]: [I]
[persist.log.tag.WpfaShmSynchronizer]: [I]
[persist.log.tag.WpfaShmWriteMsgHandler]: [I]
[persist.log.tag.libPowerHal]: [I]
[persist.log.tag.mtkpower@impl]: [I]
[persist.log.tag.mtkpower_client]: [I]
[persist.log.tag.wpfa_iptable_android]: [I]
[persist.logd.logpersistd]: []
[persist.radio.multisim.config]: [dsds]
[persist.sys.boot.reason]: []
[persist.sys.boot.reason.history]: [cold,1683696332
cold,charger,1262304714
reboot,factory_reset,1672700408]
[persist.sys.dalvik.vm.lib.2]: [libart.so]
[persist.sys.device_provisioned]: [1]
[persist.sys.displayinset.top]: [0]
[persist.sys.fuse]: [true]
[persist.sys.fuse.passthrough.enable]: [true]
[persist.sys.gps.lpp]: [2]
[persist.sys.lmk.reportkills]: [true]
[persist.sys.locale]: [en-US]
[persist.sys.theme]: [2]
[persist.sys.timezone]: [Asia/Shanghai]
[persist.sys.usb.config]: [adb]
[persist.sys.userspace_reboot.log.should_log]: []
[persist.traced.enable]: [1]
[persist.vendor.aee.db.count]: [4]
[persist.vendor.aee.fatal_db.count]: [4]
[persist.vendor.aee.log.status]: [1]
[persist.vendor.aee.tracing_on]: [0]
[persist.vendor.aeev.boot.reason.status]: [done]
[persist.vendor.aeev.core.direct]: [enable]
[persist.vendor.aeev.core.dump]: [enable]
[persist.vendor.aeev.db.count]: [4]
[persist.vendor.aeev.fatal_db.count]: [4]
[persist.vendor.aeev.last.boot.reason]: [cold]
[persist.vendor.aeev.log.status]: [1]
[persist.vendor.aeev.mini.dump]: [disable]
[persist.vendor.atm.mdmode]: [normal]
[persist.vendor.bluetooth.btsnoopautostart]: [false]
[persist.vendor.bluetooth.state]: [1]
[persist.vendor.camera3.pipeline.bufnum.base.imgo]: [4]
[persist.vendor.camera3.pipeline.bufnum.base.lcso]: [4]
[persist.vendor.camera3.pipeline.bufnum.base.rrzo]: [4]
[persist.vendor.camera3.pipeline.bufnum.base.rsso]: [5]
[persist.vendor.camera3.pipeline.bufnum.min.high_ram.fdyuv]: [5]
[persist.vendor.camera3.pipeline.bufnum.min.high_ram.imgo]: [7]
[persist.vendor.camera3.pipeline.bufnum.min.high_ram.lcso]: [7]
[persist.vendor.camera3.pipeline.bufnum.min.high_ram.rrzo]: [7]
[persist.vendor.camera3.pipeline.bufnum.min.high_ram.rsso]: [7]
[persist.vendor.camera3.pipeline.bufnum.min.low_ram.fdyuv]: [5]
[persist.vendor.camera3.pipeline.bufnum.min.low_ram.imgo]: [6]
[persist.vendor.camera3.pipeline.bufnum.min.low_ram.lcso]: [6]
[persist.vendor.camera3.pipeline.bufnum.min.low_ram.rrzo]: [6]
[persist.vendor.camera3.pipeline.bufnum.min.low_ram.rsso]: [6]
[persist.vendor.connsys.bt_fw_ver]: [t-neptune-mp-soc1_0e1-2015-CERVINO_SOC1_0_E1_ASIC-20221225160501]
[persist.vendor.connsys.chipid]: [0x6765]
[persist.vendor.connsys.coredump.mode]: [1]
[persist.vendor.connsys.dynamic.dump]: [0]
[persist.vendor.connsys.fm_chipid]: [mt6631]
[persist.vendor.connsys.patch.version]: [221225160501000]
[persist.vendor.connsys.wifi_fw_ver]: [221225160501000]
[persist.vendor.factory.GB2312]: [no]
[persist.vendor.ims_support]: [1]
[persist.vendor.log.tel_log_ctrl]: [1]
[persist.vendor.md_c2k_cap_dep_check]: [0]
[persist.vendor.mdlog.flush_log_ratio]: [0]
[persist.vendor.mdlog1.config]: [0]
[persist.vendor.mims_support]: [2]
[persist.vendor.mtk.aee.mode]: [4]
[persist.vendor.mtk.aeev.mode]: [4]
[persist.vendor.mtk.pl_lnk]: [1]
[persist.vendor.mtk.provision.int.01]: [26,0;27,1;66,0;]
[persist.vendor.mtk.provision.mccmnc.0]: [46001]
[persist.vendor.mtk.vilte.enable]: [1]
[persist.vendor.mtk.volte.enable]: [1]
[persist.vendor.mtk.wfc.enable]: [0]
[persist.vendor.mtk_ct_volte_support]: [3]
[persist.vendor.mtk_dynamic_ims_switch]: [1]
[persist.vendor.mtk_rcs_single_reg_support]: [1]
[persist.vendor.mtk_sim_switch_policy]: [2]
[persist.vendor.mtk_wfc_support]: [1]
[persist.vendor.pms_removable]: [1]
[persist.vendor.radio.airplane.mode.on]: [false]
[persist.vendor.radio.c_capability_slot]: [0]
[persist.vendor.radio.fd.counter]: [150]
[persist.vendor.radio.fd.off.counter]: [50]
[persist.vendor.radio.fd.off.r8.counter]: [50]
[persist.vendor.radio.fd.r8.counter]: [150]
[persist.vendor.radio.ls1icid]: [401f5dc8c99588f3658aeb886b5d302e]
[persist.vendor.radio.ls2icid]: [null]
[persist.vendor.radio.msimmode]: [dsds]
[persist.vendor.radio.mtk_dsbp_support]: [1]
[persist.vendor.radio.mtk_ps2_rat]: [L/W/G]
[persist.vendor.radio.mtk_ps3_rat]: [G]
[persist.vendor.radio.pendcapswt]: [0]
[persist.vendor.radio.raf1]: [81930]
[persist.vendor.radio.raf2]: [81928]
[persist.vendor.radio.sim.mode]: [3]
[persist.vendor.radio.sim.status]: []
[persist.vendor.radio.simswitch]: [1]
[persist.vendor.radio.smart.data.switch]: [1]
[persist.vendor.radio.ss.hashed_last_iccid1]: [401f5dc8c99588f3658aeb886b5d302e]
[persist.vendor.radio.terminal-based.clir_m]: [4]
[persist.vendor.radio.terminal-based.clir_n]: [0]
[persist.vendor.radio.terminal-based.cw]: [disabled_tbcw]
[persist.vendor.radio.unlock]: [false]
[persist.vendor.radio.ut.imsi.info]: [,.(())1.-***//.$$$$]
[persist.vendor.radio.ut.xui.info_1]: [kah2#0.)+*-(1.0)+(8rb&aek&ef[(()&e[[,.(&+_hhf]logjc&gj_]
[persist.vendor.radio.volte_state]: [1]
[persist.vendor.ss.modem_version]: [0]
[persist.vendor.sys.pq.adl.idx]: [1]
[persist.vendor.sys.pq.bluelight.default]: [128]
[persist.vendor.sys.pq.hdr.en]: [1]
[persist.vendor.sys.pq.hfg.en]: [2]
[persist.vendor.sys.pq.iso.shp.en]: [1]
[persist.vendor.sys.pq.mdp.ccorr.en]: [1]
[persist.vendor.sys.pq.mdp.color.dbg]: [1]
[persist.vendor.sys.pq.mdp.color.idx]: [1]
[persist.vendor.sys.pq.mdp.dre.en]: [1]
[persist.vendor.sys.pq.mdp.hdrvp.dre.en]: [1]
[persist.vendor.sys.pq.mdp.vp.dre.en]: [1]
[persist.vendor.sys.pq.modeindex]: [0]
[persist.vendor.sys.pq.picmode]: [0]
[persist.vendor.sys.pq.shp.idx]: [2]
[persist.vendor.sys.pq.shp.strength]: [persist.vendor.sys.pq.shp.strength]
[persist.vendor.sys.pq.ultrares.en]: [1]
[persist.vendor.sys.pq.ultrares.strength]: [0]
[persist.vendor.vilte_support]: [1]
[persist.vendor.viwifi_support]: [1]
[persist.vendor.volte_support]: [1]
[persist.vendor.vzw_device_type]: [0]
[persist.vendor.wfc.sys_wfc_support]: [1]
[pm.dexopt.ab-ota]: [speed-profile]
[pm.dexopt.bg-dexopt]: [speed-profile]
[pm.dexopt.boot-after-ota]: [verify]
[pm.dexopt.cmdline]: [verify]
[pm.dexopt.first-boot]: [verify]
[pm.dexopt.inactive]: [verify]
[pm.dexopt.install]: [speed-profile]
[pm.dexopt.install-bulk]: [speed-profile]
[pm.dexopt.install-bulk-downgraded]: [verify]
[pm.dexopt.install-bulk-secondary]: [verify]
[pm.dexopt.install-bulk-secondary-downgraded]: [extract]
[pm.dexopt.install-fast]: [skip]
[pm.dexopt.post-boot]: [extract]
[pm.dexopt.shared]: [speed]
[qemu.hw.mainkeys]: [0]
[ril.csim.mlpl_mspl_ver0]: [,]
[ril.csim.mlpl_mspl_ver1]: [,]
[ril.ecclist]: [112,911,110,119,120,122,999]
[ril.ecclist1]: [112,911,110,119,120,122,999]
[ro.actionable_compatible_property.enabled]: [true]
[ro.allow.mock.location]: [0]
[ro.apex.updatable]: [true]
[ro.audio.silent]: [0]
[ro.audio.usb.period_us]: [16000]
[ro.base_build]: [noah]
[ro.baseband]: [unknown]
[ro.bionic.2nd_arch]: [arm]
[ro.bionic.2nd_cpu_variant]: [cortex-a53]
[ro.bionic.arch]: [arm64]
[ro.bionic.cpu_variant]: [cortex-a53]
[ro.board.first_api_level]: [30]
[ro.board.platform]: [mt6765]
[ro.boot.BOARD_ID]: [6]
[ro.boot.DUAL_SIM]: [0]
[ro.boot.EMMC_64G]: [0]
[ro.boot.RAM_ID]: [0]
[ro.boot.atm]: [disabled]
[ro.boot.avb_version]: [1.2]
[ro.boot.boot_devices]: [bootdevice,soc/11230000.mmc,11230000.mmc,soc/11230000.msdc,11230000.msdc]
[ro.boot.bootreason]: [2sec_reboot]
[ro.boot.dtb_idx]: [0]
[ro.boot.dtbo_idx]: [0]
[ro.boot.dynamic_partitions]: [true]
[ro.boot.efuse_status]: [0]
[ro.boot.flash.locked]: [1]
[ro.boot.force_normal_boot]: [1]
[ro.boot.hardware]: [mt6762]
[ro.boot.meta_log_disable]: [0]
[ro.boot.mode]: [normal]
[ro.boot.otp.status]: [1]
[ro.boot.pcb_ver]: [1]
[ro.boot.serialno]: [5051918748072503]
[ro.boot.slot]: [a]
[ro.boot.slot_suffix]: [_a]
[ro.boot.vbmeta.avb_version]: [1.2]
[ro.boot.vbmeta.device_state]: [locked]
[ro.boot.vbmeta.digest]: [e9affcf1083e4ba59d2c06ea5f7f99ed51aa08e8cf7aa6bd8f13a037415cf807]
[ro.boot.vbmeta.hash_alg]: [sha256]
[ro.boot.vbmeta.size]: [8832]
[ro.boot.verifiedbootstate]: [green]
[ro.boot.veritymode]: [enforcing]
[ro.boot.veritymode.managed]: [yes]
[ro.boot.with_fast_charger]: [1]
[ro.boot.with_finger]: [0]
[ro.boot.with_nfc]: [0]
[ro.bootimage.build.date]: [Wed May 10 13:03:38 CST 2023]
[ro.bootimage.build.date.utc]: [1683695018]
[ro.bootimage.build.fingerprint]: [ALTICE/E55_EEA/E55:12/SP1A.210812.016/1683695093:userdebug/release-keys]
[ro.bootimage.build.id]: [SP1A.210812.016]
[ro.bootimage.build.tags]: [release-keys]
[ro.bootimage.build.type]: [userdebug]
[ro.bootimage.build.version.incremental]: [1683695093]
[ro.bootimage.build.version.release]: [12]
[ro.bootimage.build.version.release_or_codename]: [12]
[ro.bootimage.build.version.sdk]: [31]
[ro.bootloader]: [unknown]
[ro.bootmode]: [normal]
[ro.boottime.adbd]: [17160779154]
[ro.boottime.aee-reinit]: [39815239078]
[ro.boottime.aee_aed]: [10257572384]
[ro.boottime.aee_aed64]: [10266781230]
[ro.boottime.aee_aedv]: [10235146538]
[ro.boottime.aee_aedv64]: [10243695692]
[ro.boottime.agpsd]: [17804394154]
[ro.boottime.android-hardware-media-c2-hal-1-2]: [15755880923]
[ro.boottime.apexd]: [12801542846]
[ro.boottime.apexd-bootstrap]: [7198062768]
[ro.boottime.apexd-snapshotde]: [14218629615]
[ro.boottime.audioserver]: [15927089307]
[ro.boottime.batterywarning]: [39911037540]
[ro.boottime.bluetooth-1-1]: [15675694154]
[ro.boottime.bootanim]: [17915704923]
[ro.boottime.bootlogoupdater]: [15944558846]
[ro.boottime.boringssl_self_test32]: [8399892384]
[ro.boottime.boringssl_self_test32_vendor]: [8764179153]
[ro.boottime.boringssl_self_test64]: [8575196384]
[ro.boottime.boringssl_self_test64_vendor]: [8887960307]
[ro.boottime.boringssl_self_test_apex32]: [16478352692]
[ro.boottime.boringssl_self_test_apex64]: [16770376615]
[ro.boottime.bpfloader]: [14944174153]
[ro.boottime.bsplogstart]: [19071217308]
[ro.boottime.camerahalserver]: [17697728923]
[ro.boottime.cameraserver]: [17499558846]
[ro.boottime.ccci3_mdinit]: [16065259384]
[ro.boottime.ccci_mdinit]: [16057055692]
[ro.boottime.connsyslogger]: [18244702231]
[ro.boottime.console]: [9378276615]
[ro.boottime.cplogstart]: [19082255461]
[ro.boottime.credstore]: [15953679154]
[ro.boottime.derive_classpath]: [13877183769]
[ro.boottime.derive_sdk]: [13651638769]
[ro.boottime.drm]: [17201792000]
[ro.boottime.emdlogger]: [17658284615]
[ro.boottime.emsvr_user]: [17210004307]
[ro.boottime.fuelgauged]: [16025769538]
[ro.boottime.fuelgauged_nvram]: [17707227154]
[ro.boottime.gatekeeperd]: [17949877307]
[ro.boottime.getgameserver]: [17717141923]
[ro.boottime.gpu]: [15964299461]
[ro.boottime.gsid]: [34623320501447]
[ro.boottime.health-hal-2-1]: [15746906230]
[ro.boottime.hidl_memory]: [15649855077]
[ro.boottime.hostapd]: [30744353356062]
[ro.boottime.hwservicemanager]: [9354894538]
[ro.boottime.idmap2d]: [17514573923]
[ro.boottime.incidentd]: [17532737538]
[ro.boottime.init]: [4873880999]
[ro.boottime.init.cold_boot_wait]: [0]
[ro.boottime.init.first_stage]: [542728539]
[ro.boottime.init.fsck.data]: [1802]
[ro.boottime.init.fsck.nvcfg]: [48]
[ro.boottime.init.fsck.nvdata]: [79]
[ro.boottime.init.fsck.persist]: [52]
[ro.boottime.init.fsck.protect_f]: [76]
[ro.boottime.init.fsck.protect_s]: [49]
[ro.boottime.init.mount.data]: [12]
[ro.boottime.init.mount.nvcfg]: [5]
[ro.boottime.init.mount.nvdata]: [7]
[ro.boottime.init.mount.persist]: [6]
[ro.boottime.init.mount.protect_f]: [6]
[ro.boottime.init.mount.protect_s]: [6]
[ro.boottime.init.mount_all.early]: [405]
[ro.boottime.init.mount_all.late]: [1980]
[ro.boottime.init.selinux]: [461695076]
[ro.boottime.installd]: [17561199692]
[ro.boottime.ipsec_mon]: [17782433846]
[ro.boottime.keystore2]: [10366398769]
[ro.boottime.lbs_dbg]: [17477729307]
[ro.boottime.lbs_hidl_service]: [15855776307]
[ro.boottime.lmkd]: [9334976076]
[ro.boottime.logd]: [9320165230]
[ro.boottime.logd-auditctl]: [39945067463]
[ro.boottime.logd-reinit]: [12772762461]
[ro.boottime.lpdumpd]: [34622266467370]
[ro.boottime.media]: [17601063461]
[ro.boottime.media.swcodec]: [17857293307]
[ro.boottime.mediacodec]: [17676415384]
[ro.boottime.mediaextractor]: [17570546231]
[ro.boottime.mediametrics]: [17580716000]
[ro.boottime.mnld]: [17463923154]
[ro.boottime.mobile_log_d]: [17609937846]
[ro.boottime.mtk.plpath.utils.link]: [16248498461]
[ro.boottime.mtk_secure_element_hal_service]: [15796905923]
[ro.boottime.netd]: [15437774230]
[ro.boottime.netdagent]: [17998968384]
[ro.boottime.netdiag]: [17623034154]
[ro.boottime.nvram-hidl-1-1]: [15899600000]
[ro.boottime.nvram_daemon]: [16105322538]
[ro.boottime.odsign]: [13949449538]
[ro.boottime.power-hal-1-0]: [15891168307]
[ro.boottime.pq-2-2]: [17825544307]
[ro.boottime.servicemanager]: [9346447153]
[ro.boottime.statsd]: [15421732615]
[ro.boottime.storaged]: [17636148384]
[ro.boottime.stp_dump]: [17114060000]
[ro.boottime.surfaceflinger]: [15989226154]
[ro.boottime.system_suspend]: [10349109538]
[ro.boottime.tee_check_keybox]: [19288381846]
[ro.boottime.teed]: [10307405230]
[ro.boottime.terservice]: [16001752077]
[ro.boottime.tetheroffloadservice]: [18387639146633]
[ro.boottime.thermal]: [17729349846]
[ro.boottime.thermal_manager]: [17755879077]
[ro.boottime.thermald]: [17542959692]
[ro.boottime.thermalloadalgod]: [17765423154]
[ro.boottime.tombstoned]: [12595590153]
[ro.boottime.traced]: [17301630154]
[ro.boottime.traced_probes]: [17260049231]
[ro.boottime.ueventd]: [7190147768]
[ro.boottime.update_engine]: [17968648000]
[ro.boottime.update_verifier_nonencrypted]: [15368415384]
[ro.boottime.usbd]: [17978810846]
[ro.boottime.vendor.audio-hal]: [15666834538]
[ro.boottime.vendor.bip]: [19115038231]
[ro.boottime.vendor.boot-hal-1-2]: [9539035692]
[ro.boottime.vendor.ccci_rpcd]: [16074487384]
[ro.boottime.vendor.drm-clearkey-hal-1-4]: [15685704923]
[ro.boottime.vendor.drm-widevine-hal-1-4]: [15694776692]
[ro.boottime.vendor.epdg_wod]: [19203510769]
[ro.boottime.vendor.focaltech.fps_hal]: [15882774769]
[ro.boottime.vendor.fps_hal]: [17988597846]
[ro.boottime.vendor.gatekeeper-1-0]: [15704095384]
[ro.boottime.vendor.gnss-default]: [15721027692]
[ro.boottime.vendor.gralloc-4-0]: [15728768077]
[ro.boottime.vendor.gsm0710muxd]: [18476476692]
[ro.boottime.vendor.hwcomposer-2-1]: [15738298230]
[ro.boottime.vendor.keymaster-4-1-trustkernel]: [10378197922]
[ro.boottime.vendor.light-default]: [15864945230]
[ro.boottime.vendor.memtrack-hal-1-0]: [15774280923]
[ro.boottime.vendor.nfc_hal_service]: [15782459461]
[ro.boottime.vendor.ril-daemon-mtk]: [20320136692]
[ro.boottime.vendor.sensors-hal-2-0-multihal]: [15806952384]
[ro.boottime.vendor.thermal-hal-2-0.mtk]: [15827705846]
[ro.boottime.vendor.usb-hal-1-2]: [15835785846]
[ro.boottime.vendor.vibrator-default]: [15908351461]
[ro.boottime.vendor.volte_imcb]: [19173995077]
[ro.boottime.vendor.volte_stack]: [19144368384]
[ro.boottime.vendor.volte_ua]: [19157766846]
[ro.boottime.vendor.wifi_hal_legacy]: [32381805847]
[ro.boottime.vndservicemanager]: [9367127153]
[ro.boottime.vold]: [9524108999]
[ro.boottime.volte_imsm_93]: [19131400615]
[ro.boottime.volte_md_status]: [9477778230]
[ro.boottime.vtservice]: [17551585538]
[ro.boottime.vtservice_hidl]: [15846977307]
[ro.boottime.wfca]: [16096636615]
[ro.boottime.wificond]: [17645855384]
[ro.boottime.wlan_assistant]: [17836456307]
[ro.boottime.wmt_launcher]: [10338561846]
[ro.boottime.wmt_loader]: [10328645307]
[ro.boottime.wpa_supplicant]: [32901496924]
[ro.boottime.zygote]: [15451193615]
[ro.boottime.zygote_secondary]: [15475941846]
[ro.build.ab_update]: [true]
[ro.build.characteristics]: [default]
[ro.build.date]: [Wed May 10 13:24:28 CST 2023]
[ro.build.date.utc]: [1683696268]
[ro.build.description]: [sys_mssi_64_ww-userdebug 13 TP1A.220624.014 1683696439 release-keys]
[ro.build.display.id]: [sys_mssi_64_ww-userdebug 13 TP1A.220624.014 1683696439 release-keys]
[ro.build.fingerprint]: [ALTICE/E55_EEA/E55:13/TP1A.220624.014/1683696439:userdebug/release-keys]
[ro.build.flavor]: [sys_mssi_64_ww-userdebug]
[ro.build.host]: [wangxin-ThinkStation-P360-Tower]
[ro.build.id]: [TP1A.220624.014]
[ro.build.product]: [mssi_64_ww]
[ro.build.tags]: [release-keys]
[ro.build.type]: [userdebug]
[ro.build.user]: [wangxin]
[ro.build.version.all_codenames]: [REL]
[ro.build.version.base_os]: []
[ro.build.version.codename]: [REL]
[ro.build.version.incremental]: [1683696439]
[ro.build.version.known_codenames]: [Base,Base11,Cupcake,Donut,Eclair,Eclair01,EclairMr1,Froyo,Gingerbread,GingerbreadMr1,Honeycomb,HoneycombMr1,HoneycombMr2,IceCreamSandwich,IceCreamSandwichMr1,JellyBean,JellyBeanMr1,JellyBeanMr2,Kitkat,KitkatWatch,Lollipop,LollipopMr1,M,N,NMr1,O,OMr1,P,Q,R,S,Sv2,Tiramisu]
[ro.build.version.min_supported_target_sdk]: [23]
[ro.build.version.preview_sdk]: [0]
[ro.build.version.preview_sdk_fingerprint]: [REL]
[ro.build.version.release]: [13]
[ro.build.version.release_or_codename]: [13]
[ro.build.version.release_or_preview_display]: [13]
[ro.build.version.sdk]: [33]
[ro.build.version.security_patch]: [2023-04-05]
[ro.camera.sound.forced]: [0]
[ro.cold_boot_done]: [true]
[ro.com.android.prov_mobiledata]: [false]
[ro.com.google.acsa]: [true]
[ro.com.google.clientidbase]: [android-mobiwire]
[ro.com.google.gmsversion]: [13_202304]
[ro.config.alarm_alert]: [Altice_alarm_V7.mp3]
[ro.config.notification_sound]: [Altice_notification_V7.mp3]
[ro.config.per_app_memcg]: [false]
[ro.config.ringtone]: [Altice_ringtone_V7.mp3]
[ro.config.ringtone2]: [Altice_ringtone_V7.mp3]
[ro.control_privapp_permissions]: [enforce]
[ro.cp_system_other_odex]: [1]
[ro.crypto.metadata.enabled]: [true]
[ro.crypto.state]: [encrypted]
[ro.crypto.type]: [file]
[ro.crypto.uses_fs_ioc_add_encryption_key]: [true]
[ro.crypto.volume.filenames_mode]: [aes-256-cts]
[ro.dalvik.vm.native.bridge]: [0]
[ro.debuggable]: [1]
[ro.frp.pst]: [/dev/block/by-name/frp]
[ro.gsid.image_running]: [0]
[ro.hardware]: [mt6762]
[ro.hardware.egl]: [meow]
[ro.hardware.gatekeeper]: [trustkernel]
[ro.hardware.hwcomposer]: [mtk_common]
[ro.hardware.kmsetkey]: [trustkernel]
[ro.hardware.nfc_nci]: [pn8x]
[ro.hwui.use_vulkan]: []
[ro.incremental.enable]: [yes]
[ro.iorapd.enable]: [false]
[ro.kernel.version]: [4.19]
[ro.kernel.zio]: [38,108,105,16]
[ro.lmk.psi_complete_stall_ms]: [150]
[ro.lmk.swap_free_low_percentage]: [20]
[ro.logd.kernel]: [false]
[ro.mediatek.rsc_name]: [default]
[ro.mediatek.version.branch]: [alps-mp-t0.mssi1]
[ro.mediatek.version.build.branch]: []
[ro.mediatek.version.release]: [ALTICE_E55_DS_O_T_V01.2_230508]
[ro.mediatek.wlan.p2p]: [1]
[ro.mediatek.wlan.wsc]: [1]
[ro.minui.pixel_format]: [BGRA_8888]
[ro.mtk_perf_fast_start_win]: [1]
[ro.mtk_perf_response_time]: [1]
[ro.mtk_perf_simple_start_win]: [1]
[ro.odm.build.date]: [Wed May 10 13:03:38 CST 2023]
[ro.odm.build.date.utc]: [1683695018]
[ro.odm.build.fingerprint]: [ALTICE/E55_EEA/E55:12/SP1A.210812.016/1683695093:userdebug/release-keys]
[ro.odm.build.id]: [SP1A.210812.016]
[ro.odm.build.tags]: [release-keys]
[ro.odm.build.type]: [userdebug]
[ro.odm.build.version.incremental]: [1683695093]
[ro.odm.build.version.release]: [12]
[ro.odm.build.version.release_or_codename]: [12]
[ro.odm.build.version.sdk]: [31]
[ro.odm.product.cpu.abilist]: [arm64-v8a,armeabi-v7a,armeabi]
[ro.odm.product.cpu.abilist32]: [armeabi-v7a,armeabi]
[ro.odm.product.cpu.abilist64]: [arm64-v8a]
[ro.oem_unlock_supported]: [1]
[ro.opa.eligible_device]: [true]
[ro.opengles.version]: [196610]
[ro.organization_owned]: [false]
[ro.persistent_properties.ready]: [true]
[ro.postinstall.fstab.prefix]: [/system]
[ro.product.ab_ota_partitions]: [boot,system,vendor]
[ro.product.board]: [XE632_ALTICE_E55]
[ro.product.bootimage.brand]: [ALTICE]
[ro.product.bootimage.device]: [E55]
[ro.product.bootimage.manufacturer]: [MobiWire]
[ro.product.bootimage.model]: [E55]
[ro.product.bootimage.name]: [E55_EEA]
[ro.product.brand]: [ALTICE]
[ro.product.build.date]: [Wed May 10 13:24:28 CST 2023]
[ro.product.build.date.utc]: [1683696268]
[ro.product.build.fingerprint]: [ALTICE/E55_EEA/E55:13/TP1A.220624.014/1683696439:userdebug/release-keys]
[ro.product.build.id]: [TP1A.220624.014]
[ro.product.build.tags]: [release-keys]
[ro.product.build.type]: [userdebug]
[ro.product.build.version.incremental]: [1683696439]
[ro.product.build.version.release]: [13]
[ro.product.build.version.release_or_codename]: [13]
[ro.product.build.version.sdk]: [33]
[ro.product.cpu.abi]: [arm64-v8a]
[ro.product.cpu.abilist]: [arm64-v8a,armeabi-v7a,armeabi]
[ro.product.cpu.abilist32]: [armeabi-v7a,armeabi]
[ro.product.cpu.abilist64]: [arm64-v8a]
[ro.product.current_rsc_path]: [/product/etc/rsc/default]
[ro.product.debugfs_restrictions.enabled]: [false]
[ro.product.device]: [E55]
[ro.product.first_api_level]: [33]
[ro.product.locale]: [fr-FR]
[ro.product.manufacturer]: [MobiWire]
[ro.product.model]: [E55]
[ro.product.name]: [E55_EEA]
[ro.product.odm.brand]: [ALTICE]
[ro.product.odm.device]: [E55]
[ro.product.odm.manufacturer]: [MobiWire]
[ro.product.odm.model]: [E55]
[ro.product.odm.name]: [E55_EEA]
[ro.product.product.brand]: [ALTICE]
[ro.product.product.device]: [E55]
[ro.product.product.manufacturer]: [MobiWire]
[ro.product.product.model]: [E55]
[ro.product.product.name]: [E55_EEA]
[ro.product.property_source_order]: [odm,vendor,product,system]
[ro.product.system.brand]: [ALTICE]
[ro.product.system.device]: [E55]
[ro.product.system.manufacturer]: [MobiWire]
[ro.product.system.model]: [E55]
[ro.product.system.name]: [E55_EEA]
[ro.product.system_ext.brand]: [ALTICE]
[ro.product.system_ext.device]: [E55]
[ro.product.system_ext.manufacturer]: [MobiWire]
[ro.product.system_ext.model]: [E55]
[ro.product.system_ext.name]: [E55_EEA]
[ro.product.vendor.brand]: [ALTICE]
[ro.product.vendor.device]: [E55]
[ro.product.vendor.manufacturer]: [MobiWire]
[ro.product.vendor.model]: [E55]
[ro.product.vendor.name]: [E55_EEA]
[ro.product.vendor_dlkm.brand]: [ALTICE]
[ro.product.vendor_dlkm.device]: [E55]
[ro.product.vendor_dlkm.manufacturer]: [MobiWire]
[ro.product.vendor_dlkm.model]: [E55]
[ro.product.vendor_dlkm.name]: [E55_EEA]
[ro.product.vndk.version]: [33]
[ro.property_service.version]: [2]
[ro.revision]: [0]
[ro.runtime.firstboot]: [1683696360637]
[ro.secure]: [1]
[ro.serialno]: [5051918748072503]
[ro.setupwizard.rotation_locked]: [true]
[ro.sf.lcd_density]: [280]
[ro.soc.manufacturer]: [Mediatek]
[ro.soc.model]: [MT8768WA]
[ro.surface_flinger.force_hwc_copy_for_virtual_displays]: [true]
[ro.surface_flinger.has_HDR_display]: [false]
[ro.surface_flinger.max_frame_buffer_acquired_buffers]: [3]
[ro.surface_flinger.primary_display_orientation]: [ORIENTATION_0]
[ro.sys.current_rsc_path]: [/system/etc/rsc/default]
[ro.sys.usb.bicr]: [no]
[ro.sys.usb.charging.only]: [yes]
[ro.sys.usb.mtp.whql.enable]: [0]
[ro.sys.usb.storage.type]: [mtp]
[ro.sys_ext.current_rsc_path]: [/system/system_ext/etc/rsc/default]
[ro.system.build.date]: [Wed May 10 13:24:28 CST 2023]
[ro.system.build.date.utc]: [1683696268]
[ro.system.build.fingerprint]: [ALTICE/E55_EEA/E55:13/TP1A.220624.014/1683696439:userdebug/release-keys]
[ro.system.build.id]: [TP1A.220624.014]
[ro.system.build.tags]: [release-keys]
[ro.system.build.type]: [userdebug]
[ro.system.build.version.incremental]: [1683696439]
[ro.system.build.version.release]: [13]
[ro.system.build.version.release_or_codename]: [13]
[ro.system.build.version.sdk]: [33]
[ro.system.product.cpu.abilist]: [arm64-v8a,armeabi-v7a,armeabi]
[ro.system.product.cpu.abilist32]: [armeabi-v7a,armeabi]
[ro.system.product.cpu.abilist64]: [arm64-v8a]
[ro.system_ext.build.date]: [Wed May 10 13:24:28 CST 2023]
[ro.system_ext.build.date.utc]: [1683696268]
[ro.system_ext.build.fingerprint]: [ALTICE/E55_EEA/E55:13/TP1A.220624.014/1683696439:userdebug/release-keys]
[ro.system_ext.build.id]: [TP1A.220624.014]
[ro.system_ext.build.tags]: [release-keys]
[ro.system_ext.build.type]: [userdebug]
[ro.system_ext.build.version.incremental]: [1683696439]
[ro.system_ext.build.version.release]: [13]
[ro.system_ext.build.version.release_or_codename]: [13]
[ro.system_ext.build.version.sdk]: [33]
[ro.telephony.default_network]: [9,9,9,9]
[ro.telephony.iwlan_operation_mode]: [AP-assisted]
[ro.treble.enabled]: [true]
[ro.vendor.aee.convert64]: [0]
[ro.vendor.ap_info_monitor]: [0]
[ro.vendor.api_level]: [30]
[ro.vendor.bt.platform]: [connac1x]
[ro.vendor.build.date]: [Wed May 10 13:03:38 CST 2023]
[ro.vendor.build.date.utc]: [1683695018]
[ro.vendor.build.fingerprint]: [ALTICE/E55_EEA/E55:12/SP1A.210812.016/1683695093:userdebug/release-keys]
[ro.vendor.build.id]: [SP1A.210812.016]
[ro.vendor.build.security_patch]: [2023-02-01]
[ro.vendor.build.tags]: [release-keys]
[ro.vendor.build.type]: [userdebug]
[ro.vendor.build.version.incremental]: [1683695093]
[ro.vendor.build.version.release]: [12]
[ro.vendor.build.version.release_or_codename]: [12]
[ro.vendor.build.version.sdk]: [31]
[ro.vendor.camera.isp.support.colorspace]: [0]
[ro.vendor.camera3.zsl.default]: [130]
[ro.vendor.composer_version]: [2.1]
[ro.vendor.connsys.dedicated.log]: [1]
[ro.vendor.connsys.dedicated.log.port]: [bt,wifi,gps,mcu]
[ro.vendor.customer_logpath]: [/data]
[ro.vendor.enable.geo.fencing]: [1]
[ro.vendor.first_boot_operator]: [1]
[ro.vendor.fm.platform]: [mt6631]
[ro.vendor.gps.chrdev]: [gps_drv]
[ro.vendor.have_aee_feature]: [1]
[ro.vendor.have_aeev_feature]: [1]
[ro.vendor.init.sensor.rc]: [init.sensor_1_0.rc]
[ro.vendor.ldu_enable]: [1]
[ro.vendor.md_apps.load_date]: [2023/03/31 16:37:19 GMT +08:00]
[ro.vendor.md_apps.load_gencfg]: [GEN93_USER]
[ro.vendor.md_apps.load_type]: [user]
[ro.vendor.md_apps.load_verno]: [MOLY.LR12A.R3.MP.V255.P3]
[ro.vendor.md_apps.support]: [1]
[ro.vendor.md_auto_setup_ims]: [1]
[ro.vendor.md_mims_support]: [2]
[ro.vendor.md_prop_ver]: [1]
[ro.vendor.mediatek.platform]: [MT6765]
[ro.vendor.mediatek.rsc_name]: [default]
[ro.vendor.mediatek.version.branch]: [alps-mp-s0.mp1]
[ro.vendor.mediatek.version.release]: [ALTICE_E55_DS_O_T_V01.2_230508]
[ro.vendor.mml.mtk_mml_support]: [0]
[ro.vendor.mtk.bt_sap_enable]: [true]
[ro.vendor.mtk.sensor.support]: [yes]
[ro.vendor.mtk_aal_support]: [1]
[ro.vendor.mtk_agps_app]: [1]
[ro.vendor.mtk_audio_alac_support]: [1]
[ro.vendor.mtk_audio_ape_support]: [1]
[ro.vendor.mtk_audio_tuning_tool_ver]: [V2.2]
[ro.vendor.mtk_backlight_hwc_support]: [0]
[ro.vendor.mtk_besloudness_support]: [1]
[ro.vendor.mtk_blulight_def_support]: [1]
[ro.vendor.mtk_c2k_lte_mode]: [0]
[ro.vendor.mtk_cam_security_support]: [0]
[ro.vendor.mtk_camera_app_version]: [3]
[ro.vendor.mtk_config_max_dram_size]: [0x800000000]
[ro.vendor.mtk_data_config]: [1]
[ro.vendor.mtk_eccci_c2k]: [1]
[ro.vendor.mtk_embms_support]: [1]
[ro.vendor.mtk_emmc_support]: [1]
[ro.vendor.mtk_external_sim_only_slots]: [0]
[ro.vendor.mtk_f2fs_enable]: [0]
[ro.vendor.mtk_fd_support]: [1]
[ro.vendor.mtk_flv_playback_support]: [1]
[ro.vendor.mtk_gps_support]: [1]
[ro.vendor.mtk_log_hide_gps]: [0]
[ro.vendor.mtk_lte_support]: [1]
[ro.vendor.mtk_md_world_mode_support]: [1]
[ro.vendor.mtk_modem_monitor_support]: [1]
[ro.vendor.mtk_mvpu_security_support]: [0]
[ro.vendor.mtk_omacp_support]: [1]
[ro.vendor.mtk_ovl_bringup]: [0]
[ro.vendor.mtk_power_off_alarm_test]: [1]
[ro.vendor.mtk_pq_color_mode]: [1]
[ro.vendor.mtk_pq_support]: [2]
[ro.vendor.mtk_prefer_64bit_proc]: [0]
[ro.vendor.mtk_protocol1_rat_config]: [Lf/Lt/W/G]
[ro.vendor.mtk_ps1_rat]: [Lf/Lt/W/G]
[ro.vendor.mtk_ril_mode]: [c6m_1rild]
[ro.vendor.mtk_rild_read_imsi]: [1]
[ro.vendor.mtk_sim_card_onoff]: [3]
[ro.vendor.mtk_single_bin_modem_support]: [1]
[ro.vendor.mtk_slow_motion_support]: [1]
[ro.vendor.mtk_system_update_support]: [1]
[ro.vendor.mtk_telephony_add_on_policy]: [0]
[ro.vendor.mtk_trustkernel_tee_support]: [1]
[ro.vendor.mtk_wapi_support]: [1]
[ro.vendor.mtk_wappush_support]: [1]
[ro.vendor.mtk_wfd_support]: [1]
[ro.vendor.mtk_widevine_drm_l3_support]: [1]
[ro.vendor.mtk_world_phone_policy]: [0]
[ro.vendor.mtk_zsdhdr_support]: [1]
[ro.vendor.multisim_ringtone]: [true]
[ro.vendor.num_md_protocol]: [2]
[ro.vendor.pq.mtk_aal_support]: [1]
[ro.vendor.pq.mtk_ai_scence_pq_support]: [0]
[ro.vendor.pq.mtk_ai_sdr_to_hdr_support]: [0]
[ro.vendor.pq.mtk_backlight_smooth_support]: [1]
[ro.vendor.pq.mtk_blulight_def_support]: [1]
[ro.vendor.pq.mtk_caltm_support]: [1]
[ro.vendor.pq.mtk_clearzoom_support]: [0]
[ro.vendor.pq.mtk_dc_support]: [1]
[ro.vendor.pq.mtk_disp_c3d_support]: [0]
[ro.vendor.pq.mtk_disp_ccorr_support]: [1]
[ro.vendor.pq.mtk_disp_color_support]: [1]
[ro.vendor.pq.mtk_disp_game_pq_support]: [0]
[ro.vendor.pq.mtk_disp_gamma_support]: [1]
[ro.vendor.pq.mtk_disp_tdshp_support]: [0]
[ro.vendor.pq.mtk_dre30_support]: [0]
[ro.vendor.pq.mtk_ds_support]: [0]
[ro.vendor.pq.mtk_hdr10_plus_recording_support]: [0]
[ro.vendor.pq.mtk_hfg_support]: [0]
[ro.vendor.pq.mtk_mdp_ccorr_support]: [1]
[ro.vendor.pq.mtk_mdp_lite_pq_support]: [0]
[ro.vendor.pq.mtk_pq_interface_support]: [0]
[ro.vendor.pq.mtk_pq_video_whitelist_support]: [0]
[ro.vendor.pq.mtk_scltm_support]: [0]
[ro.vendor.pq.mtk_ultra_dimming_support]: [0]
[ro.vendor.pq.mtk_ultra_resolution_support]: [0]
[ro.vendor.pq.mtk_video_transition]: [0]
[ro.vendor.pref_scale_enable_cfg]: [1]
[ro.vendor.product.cpu.abilist]: [arm64-v8a,armeabi-v7a,armeabi]
[ro.vendor.product.cpu.abilist32]: [armeabi-v7a,armeabi]
[ro.vendor.product.cpu.abilist64]: [arm64-v8a]
[ro.vendor.radio.max.multisim]: [dsds]
[ro.vendor.rc]: [/vendor/etc/init/hw/]
[ro.vendor.sagereal.camera_notch]: [true]
[ro.vendor.sar.fallback.enable]: [true]
[ro.vendor.set.dateformat]: [true]
[ro.vendor.sim_me_lock_mode]: [0]
[ro.vendor.soc.manufacturer]: [Mediatek]
[ro.vendor.soc.model]: [MT8768WA]
[ro.vendor.soc.model.external_name]: [MT8768WA]
[ro.vendor.soc.model.part_name]: [MT8768WA]
[ro.vendor.soc.model_ready]: [1]
[ro.vendor.sr.timezone]: [Europe/Paris]
[ro.vendor.sys.current_rsc_path]: [/system/etc/rsc/default]
[ro.vendor.user_manual_code]: [true]
[ro.vendor.user_manual_language_limit]: [true]
[ro.vendor.vnd.current_rsc_path]: [/vendor/etc/rsc/default]
[ro.vendor.wfd.dummy.enable]: [0]
[ro.vendor.wfd.iframesize.level]: [0]
[ro.vendor.wifi.sap.concurrent.iface]: [ap1]
[ro.vendor.wifi.sap.interface]: [ap0]
[ro.vendor.wlan.chrdev]: [wmt_chrdev_wifi]
[ro.vendor.wlan.gen]: [gen4m]
[ro.vendor.wlan.standalone.log]: [y]
[ro.vendor_dlkm.build.date]: [Wed May 10 13:03:38 CST 2023]
[ro.vendor_dlkm.build.date.utc]: [1683695018]
[ro.vendor_dlkm.build.fingerprint]: [ALTICE/E55_EEA/E55:12/SP1A.210812.016/1683695093:userdebug/release-keys]
[ro.vendor_dlkm.build.id]: [SP1A.210812.016]
[ro.vendor_dlkm.build.tags]: [release-keys]
[ro.vendor_dlkm.build.type]: [userdebug]
[ro.vendor_dlkm.build.version.incremental]: [1683695093]
[ro.vendor_dlkm.build.version.release]: [12]
[ro.vendor_dlkm.build.version.release_or_codename]: [12]
[ro.vendor_dlkm.build.version.sdk]: [31]
[ro.virtual_ab.compression.enabled]: [true]
[ro.virtual_ab.enabled]: [true]
[ro.virtual_ab.userspace.snapshots.enabled]: [true]
[ro.vndk.version]: [31]
[ro.wifi.channels]: []
[ro.zygote]: [zygote64_32]
[ro.zygote.preload.enable]: [0]
[security.perf_harden]: [1]
[selinux.restorecon_recursive]: [/data/misc_ce/0]
[service.adb.root]: [1]
[service.bootanim.exit]: [1]
[service.bootanim.progress]: [0]
[service.sf.present_timestamp]: [1]
[service.wait_for_bootanim]: [1]
[setupwizard.theme]: [glif_v3_light]
[sys.boot.reason]: [cold]
[sys.boot.reason.last]: [cold]
[sys.boot_completed]: [1]
[sys.bootstat.first_boot_completed]: [1]
[sys.fuse.transcode_enabled]: [true]
[sys.init.perf_lsm_hooks]: [1]
[sys.ipo.disable]: [1]
[sys.ipo.pwrdncap]: [2]
[sys.lmk.minfree_levels]: [18432:0,23040:100,27648:200,32256:250,55296:900,80640:950]
[sys.lmk.reportkills]: [1]
[sys.lpdumpd]: [stop]
[sys.oem_unlock_allowed]: [0]
[sys.rescue_boot_count]: [1]
[sys.retaildemo.enabled]: [0]
[sys.sysctl.extra_free_kbytes]: [13601]
[sys.system_server.start_count]: [1]
[sys.system_server.start_elapsed]: [25846]
[sys.system_server.start_uptime]: [25846]
[sys.trace.traced_started]: [1]
[sys.usb.config]: [mtp,adb]
[sys.usb.configfs]: [1]
[sys.usb.controller]: [musb-hdrc]
[sys.usb.ffs.aio_compat]: [0]
[sys.usb.ffs.ready]: [1]
[sys.usb.state]: [mtp,adb]
[sys.use_memfd]: [false]
[sys.user.0.ce_available]: [true]
[sys.wifitracing.started]: [1]
[telephony.active_modems.max_count]: [2]
[vendor.MB.ftrace.log]: [connsyspicus]
[vendor.MB.prdebug]: [1]
[vendor.MB.prepare]: [0]
[vendor.MB.realpath]: [/data/debuglogger/mobilelog/APLog_2023_0510_133532__3/]
[vendor.MB.running]: [1]
[vendor.MB.sublog]: [0x003ED581]
[vendor.af.threshold.src_and_effect_count]: [5]
[vendor.audiohal.speech.shm_init]: [1]
[vendor.camera.mdp.cz.enable]: [1]
[vendor.camera.mdp.dre.enable]: [0]
[vendor.cdma.ril.uicc.mccmnc]: []
[vendor.cdma.ril.uicc.mccmnc.1]: []
[vendor.connsys.adie.chipid]: [0x0000]
[vendor.connsys.driver.ready]: [yes]
[vendor.connsys.formeta.ready]: [yes]
[vendor.connsysfw.run.path]: []
[vendor.connsysfw.running]: [0]
[vendor.debug.mtk.aee.status]: [free]
[vendor.debug.mtk.aee.status64]: [free]
[vendor.debug.mtk.aeev.status]: [free]
[vendor.debug.mtk.aeev.status64]: [free]
[vendor.debug.pq.acaltm.dbg]: [0]
[vendor.debug.pq.adl.dbg]: [0]
[vendor.debug.pq.cz.isp.tuning]: [0]
[vendor.debug.pq.dre.dbg]: [0]
[vendor.debug.pq.dre.demowin.x]: [536805376]
[vendor.debug.pq.dre.isp.tuning]: [0]
[vendor.debug.pq.dredriver.blk]: [0]
[vendor.debug.pq.dredriver.dbg]: [0]
[vendor.debug.pq.dshp.en]: [1]
[vendor.debug.pq.hdr.dbg]: [0]
[vendor.debug.pq.hdrdriver.dbg]: [0]
[vendor.debug.pq.hfg.isp.tuning]: [0]
[vendor.debug.pq.level]: [0]
[vendor.debug.pq.shp.en]: [1]
[vendor.debug.sf.hwc_pid]: [675]
[vendor.gsm.gcf.testmode]: [0]
[vendor.gsm.project.baseband]: [XE632_GH6671_MODEM(LWCTG_R3_6762)]
[vendor.gsm.ril.ct3g]: []
[vendor.gsm.ril.ct3g.2]: [0]
[vendor.gsm.ril.eboot]: [0]
[vendor.gsm.ril.fulluicctype]: [USIM]
[vendor.gsm.ril.fulluicctype.2]: []
[vendor.gsm.ril.uicc.mccmnc]: [46001]
[vendor.gsm.ril.uicc.mccmnc.1]: []
[vendor.gsm.ril.uicctype]: [USIM]
[vendor.gsm.ril.uicctype.2]: []
[vendor.gsm.serial]: [5051918748072503                                            10P]
[vendor.gsm.sim.extended.format1]: [0]
[vendor.gsm.sim.extended.format2]: [0]
[vendor.gsm.sim.operator.default-name]: [CU]
[vendor.gsm.sim.retry.pin1]: [3]
[vendor.gsm.sim.retry.pin1.2]: []
[vendor.gsm.sim.retry.pin2]: [3]
[vendor.gsm.sim.retry.pin2.2]: []
[vendor.gsm.sim.retry.puk1]: [10]
[vendor.gsm.sim.retry.puk1.2]: []
[vendor.gsm.sim.retry.puk2]: [10]
[vendor.gsm.sim.retry.puk2.2]: []
[vendor.gsm.sim.ril.phbready]: [true]
[vendor.gsm.sim.ril.testsim]: [0]
[vendor.gsm.sim.slot.lock.card.valid]: [0]
[vendor.gsm.sim.slot.lock.card.valid.2]: [0]
[vendor.gsm.sim.slot.lock.policy]: [0]
[vendor.gsm.sim.slot.lock.service.capability]: [0]
[vendor.gsm.sim.slot.lock.service.capability.2]: [0]
[vendor.gsm.sim.slot.lock.state]: [1]
[vendor.ims.eims.pdn.info]: [ims_0_0,]
[vendor.mdl.EE.done]: []
[vendor.mdl.EE.folder]: []
[vendor.mdl.run.folder]: []
[vendor.mdlogger.Running]: [0]
[vendor.mtk.atci.boot_completed]: [1]
[vendor.mtk.camera.app.50m]: [true]
[vendor.mtk.camera.app.sdof.8m]: [true]
[vendor.mtk.md.sbp]: [0]
[vendor.mtk.md1.status]: [ready]
[vendor.mtk.nvram.ready]: [1]
[vendor.mtk.vdec.waitkeyframeforplay]: [9]
[vendor.mtk_thumbnail_optimization]: [true]
[vendor.mtklog.netlog.Running]: [0]
[vendor.net.ims.ipsec.version]: [2.0]
[vendor.net.ims.volte.pid]: [1116]
[vendor.powerhal.boot_complete]: [1]
[vendor.powerhal.init]: [1]
[vendor.ril.active.md]: [9]
[vendor.ril.apc.support]: [1]
[vendor.ril.call.emci_support]: [0]
[vendor.ril.capctrl_loaded]: [1]
[vendor.ril.cdma.3g.dualact]: [0]
[vendor.ril.cdma.card.type.1]: [2]
[vendor.ril.cdma.card.type.2]: [255]
[vendor.ril.certificate]: [0]
[vendor.ril.data.allow_data_slot]: [0]
[vendor.ril.data.legacy_allow_mode]: [-1]
[vendor.ril.data.pdn_info0]: [default_1,]
[vendor.ril.data.prefer_data_slot]: [0]
[vendor.ril.data.preferred_data_mode]: [1]
[vendor.ril.disable.eboot]: [0]
[vendor.ril.ecc.service.category.list]: []
[vendor.ril.ecc.service.category.list.1]: []
[vendor.ril.enablecapability]: [0]
[vendor.ril.fd.mode]: [1]
[vendor.ril.imsi.status.sim1]: [1]
[vendor.ril.ipo.radiooff]: [0]
[vendor.ril.mtk]: [1]
[vendor.ril.mtk_hvolte_indicator]: [0,0]
[vendor.ril.mux.ee.md1]: [0]
[vendor.ril.mux.report.case]: [0]
[vendor.ril.mux.start]: [0]
[vendor.ril.muxreport.run]: [0]
[vendor.ril.no.smsc.1]: [0]
[vendor.ril.no.smsc.2]: [0]
[vendor.ril.nr.type]: [0]
[vendor.ril.nw.signalstrength.lte.1]: [-103,-3]
[vendor.ril.nw.signalstrength.lte.2]: [2147483647,214748364]
[vendor.ril.nw.worldmode.activemode]: [1]
[vendor.ril.nw.worldmode.keep_3g_mode]: [0]
[vendor.ril.sim.onoff.state1]: [11]
[vendor.ril.sim.onoff.support]: [1]
[vendor.ril.sim.uicc.applications.enable.state]: [0]
[vendor.ril.sim.uicc.applications.enable.state.2]: [0]
[vendor.ril.simswitch.no_reset_support]: [1]
[vendor.ril.simswitch.tpluswsupport]: [1]
[vendor.ril.special.ecclist]: [110,119,120,122,999]
[vendor.ril.special.ecclist1]: []
[vendor.ril.uim.subscriberid.1]: []
[vendor.ril.uim.subscriberid.2]: []
[vendor.rild.libargs]: [-d /dev/ttyC0]
[vendor.rild.libpath]: [mtk-ril.so]
[vendor.service.nvram_init]: [Ready]
[vendor.service.nvram_restore]: [Ready]
[vendor.sms.md.ready]: [1]
[vendor.sys.vm.extrafreekbytes]: [13601]
[vendor.trustkernel.fs.mode]: [3]
[vendor.trustkernel.fs.state]: [ready]
[vendor.trustkernel.keybox.deployed]: [true]
[vendor.trustkernel.log.state]: [enable]
[vendor.trustkernel.productionline.state]: [ready]
[vendor.trustkernel.ready]: [true]
[vendor.usb.acm_cnt]: [0]
[vendor.usb.acm_enable]: [0]
[vendor.usb.acm_port0]: []
[vendor.usb.acm_port1]: []
[vendor.usb.config]: [mtp,adb]
[vendor.usb.controller]: [musb-hdrc]
[vendor.usb.ffs.mtp.ready]: [1]
[vendor.usb.ffs.ready]: [1]
[vendor.usb.pid]: [0x201D]
[vendor.usb.vid]: [0x0E8D]
[vendor.volte_md_status]: [ready]
[vendor.wlan.driver.version]: [1_0_1]
[vendor.wlan.firmware.version]: [t-neptune-mp-soc1_0e1-2015-CERVINO_SOC1_0_E1_ASIC-20221225160501]
[vold.has_adoptable]: [1]
[vold.has_compress]: [0]
[vold.has_quota]: [1]
[vold.has_reserved]: [1]
[vold.post_fs_data_done]: [1]
[wifi.active.interface]: [wlan0]
[wifi.direct.interface]: [p2p0]
[wifi.interface]: [wlan0]
[wifi.tethering.interface]: [ap0]
[wlan.driver.status]: [ok]
