accelerometer_rotation=0
alarm_alert=content://media/internal/audio/media/20?title=Altice_alarm_V7&canonical=1
alarm_alert_set=1
apply_ramping_ringer=0
background_power_saving_enable=1
com_android_mms_mtk_unread=0
dim_screen=1
dtmf_tone=1
dtmf_tone_type=0
end_button_behavior=2
font_scale=1.0
haptic_feedback_enabled=1
hearing_aid=0
hide_rotation_lock_toggle_for_accessibility=0
import_remove_running=false
lockscreen_sounds_enabled=1
mode_ringer_streams_affected=422
mute_streams_affected=111
notification_light_pulse=1
notification_sound=content://media/internal/audio/media/73?title=Altice_notification_V7&canonical=1
notification_sound_set=1
pointer_speed=0
ringtone2=content://media/internal/audio/media/173?title=Altice_ringtone_V7&canonical=1
ringtone=content://media/internal/audio/media/173?title=Altice_ringtone_V7&canonical=1
ringtone_set2=1
ringtone_set=1
screen_auto_brightness_adj=1.0
screen_brightness=188
screen_brightness_for_vr=86
screen_brightness_mode=1
screen_off_timeout=30000
sound_effects_enabled=1
status_bar_show_battery_percent=1
switch_resolution_by_mode=Default
system_locales=en-US
time_12_24=24
tty_mode=0
user_rotation=0
vibrate_when_ringing=0
voice_wakeup_mode=1
volume_alarm=13
volume_alarm_speaker=1
volume_bluetooth_sco=7
volume_music=13
volume_music_bt_a2dp=10
volume_music_headphone=10
volume_music_headset=10
volume_music_speaker=0
volume_notification=8
volume_ring=13
volume_ring_speaker=0
volume_system=15
volume_voice=5
volume_voice_earpiece=1
