accessibility_button_mode=1
accessibility_display_inversion_enabled=null
accessibility_display_magnification_enabled=0
accessibility_display_magnification_scale=2.0
accessibility_enabled=0
accessibility_magnification_capability=3
accessibility_shortcut_target_service=
adaptive_sleep=null
android_id=b0ca7e2196361d54
assistant=com.google.android.googlequicksearchbox/com.google.android.voiceinteraction.GsaVoiceInteractionService
autofill_service=com.google.android.gms/.autofill.service.AutofillService
aware_enabled=0
aware_lock_enabled=0
backup_enabled=0
backup_transport=com.google.android.gms/.backup.BackupTransportService
bluetooth_addr_valid=1
bluetooth_address=4C:11:54:7A:0F:CF
bluetooth_name=Altice E55
charging_sounds_enabled=1
charging_vibration_enabled=1
clock_seconds=null
default_input_method=com.google.android.inputmethod.latin/com.android.inputmethod.latin.LatinIME
default_voice_input_method=com.google.android.tts/com.google.android.apps.speech.tts.googletts.settings.asr.voiceime.VoiceInputMethodService
device_state_rotation_lock=
double_tap_to_wake=1
doze_pulse_on_double_tap=null
doze_tap_gesture=null
enabled_input_methods=com.google.android.inputmethod.latin/com.android.inputmethod.latin.LatinIME:com.google.android.tts/com.google.android.apps.speech.tts.googletts.settings.asr.voiceime.VoiceInputMethodService
enabled_notification_listeners=com.google.android.projection.gearhead/com.google.android.gearhead.notifications.SharedNotificationListenerManager$ListenerService:com.android.launcher3/com.android.launcher3.notification.NotificationListener
flashlight_available=1
flashlight_enabled=0
high_priority=null
hush_gesture_used=0
icon_blacklist=null
immersive_mode_confirmations=
input_methods_subtype_history=com.google.android.inputmethod.latin/com.android.inputmethod.latin.LatinIME;1891618174
install_non_market_apps=1
keyguard_slice_uri=null
location_mode=3
lock_screen_allow_private_notifications=1
lock_screen_owner_info_enabled=0
lock_screen_show_notifications=1
lock_screen_show_qr_code_scanner=1
lockscreen.disabled=0
lockscreen_show_controls=1
lockscreen_show_wallet=1
long_press_timeout=400
manual_ringer_toggle_count=0
mock_location=0
mount_play_not_snd=1
mount_ums_autostart=0
mount_ums_notify_enabled=1
mount_ums_prompt=1
multi_press_timeout=300
nas_settings_updated=1
navigation_mode=0
nfc_payment_default_component=null
notification_badging=1
notification_bubbles=1
notification_history_enabled=null
one_handed_mode_activated=0
one_handed_mode_enabled=0
power_menu_locked_show_content=1
qs_auto_tiles=custom(com.google.android.permissioncontroller/com.android.permissioncontroller.permission.service.v33.SafetyCenterQsTileService),hotspot
qs_show_brightness=null
screensaver_activate_on_dock=1
screensaver_activate_on_sleep=0
screensaver_default_component=com.android.deskclock/com.android.deskclock.Screensaver
screensaver_enabled=1
selected_input_method_subtype=-1
selected_spell_checker=com.google.android.inputmethod.latin/com.android.inputmethod.latin.spellcheck.AndroidSpellCheckerService
selected_spell_checker_subtype=0
show_ime_with_hard_keyboard=0
show_zen_settings_suggestion=1
silence_gesture=0
skip_gesture=0
sleep_timeout=-1
snoozed_schedule_condition_provider=
speak_password=1
swipe_bottom_to_notification_enabled=0
sync_parent_sounds=1
sysui_do_not_disturb=null
sysui_keyguard_left=null
sysui_keyguard_right=null
sysui_qs_fancy_anim=null
sysui_qs_move_whole_rows=null
sysui_qs_tiles=internet,bt,airplane,rotation,location,qr_code_scanner,nfc,flashlight,custom(com.google.android.gms/.nearby.sharing.SharingTileService),controls,hotspot
sysui_rounded_size=null
sysui_tuner_version=4
sysui_volume_down_silent=null
sysui_volume_up_silent=null
theme_customization_overlay_packages={"android.theme.customization.color_both":"0","android.theme.customization.color_source":"home_wallpaper","_applied_timestamp":1684218261477}
touch_exploration_enabled=0
trust_agents_initialized=1
unknown_sources_default_reversed=1
user_setup_complete=1
user_setup_personalization_state=0
voice_interaction_service=com.google.android.googlequicksearchbox/com.google.android.voiceinteraction.GsaVoiceInteractionService
voice_recognition_service=com.google.android.tts/com.google.android.apps.speech.tts.googletts.service.GoogleTTSRecognitionService
volume_hush_gesture=1
wake_gesture_enabled=1
zen_duration=0
zen_settings_suggestion_viewed=0
zen_settings_updated=1
