Phenotype_boot_count=4
Phenotype_flags=
_boot_Phenotype_flags=
adb_enabled=1
adb_wifi_enabled=0
add_users_when_locked=0
airplane_mode_on=0
airplane_mode_radios=cell,bluetooth,wifi,nfc,wimax
airplane_mode_toggleable_radios=bluetooth,wifi,nfc
alt_bypass_wifi_requirement_time_millis=0
ambient_enabled=1
ambient_force_when_docked=0
ambient_low_bit_enabled=0
ambient_low_bit_enabled_dev=0
ambient_plugged_timeout_min=-1
ambient_tilt_to_bright=0
ambient_tilt_to_wake=1
ambient_touch_to_wake=1
android_wear_system_edition=1
android_wear_version=2
antagingisauto=0
antagingrebootaccount=0
antagingrebootflag=0
assisted_gps_enabled=1
audio_safe_volume_state=3
auto_time=1
auto_time_gps=0
auto_time_zone=1
auto_wifi=1
bluetooth_disabled_profiles=0
bluetooth_on=1
bluetooth_sanitized_exposure_notification_supported=1
boot_count=4
bug_report=1
burn_in_protection=0
button_set=0
call_auto_retry=0
car_dock_sound=/product/media/audio/ui/Dock.ogg
car_undock_sound=/product/media/audio/ui/Undock.ogg
cdma_cell_broadcast_sms=1
cell_on=1
charging_started_sound=/product/media/audio/ui/ChargingStarted.ogg
clockwork_24hr_time=0
clockwork_auto_time=0
clockwork_auto_time_zone=0
clockwork_sysui_main_activity=
clockwork_sysui_package=
corner_roundness=0
current_watchface_decomposable=0
data_roaming=0
data_service_enabled=0
database_creation_buildid=TP1A.220624.014
debug_app=null
def_stream_type=3
default_install_location=0
default_restrict_background_data=0
desk_dock_sound=/product/media/audio/ui/Dock.ogg
desk_undock_sound=/product/media/audio/ui/Undock.ogg
development_settings_enabled=1
device_name=E55
device_provisioned=1
dock_audio_media_enabled=1
dock_sounds_enabled=0
dock_sounds_enabled_when_accessbility=0
emergency_tone=0
enable_non_resizable_multi_window=0
gms_checkin_timeout_min=6
has_pay_tokens=0
heads_up_notifications_enabled=1
hotword_detection_enabled=0
install_non_market_apps=0
last_call_forward_action=-1
lid_behavior=0
lock_sound=/product/media/audio/ui/Lock.ogg
low_battery_sound=/product/media/audio/ui/LowBattery.ogg
low_battery_sound_timeout=0
low_power=0
max_sound_trigger_detection_service_ops_per_day=1000
mobile_data=1
mobile_data_always_on=1
mobile_signal_detector=1
mode_ringer=1
msim_mode_setting=3
multi_cb=2
multi_sim_data_call=-1
multi_sim_sms=-1
multi_sim_voice_call=-1
netstats_enabled=1
network_recommendations_enabled=1
network_recommendations_package=com.google.android.gms
network_watchlist_last_report_time=1683669600000
obtain_mute_when_off_body=1
obtain_paired_device_location=1
package_verifier_user_consent=1
paired_device_os_type=0
phone_play_store_availability=0
power_sounds_enabled=1
preferred_network_mode=9,9
private_dns_default_mode=opportunistic
rebootaccount=0
rebootflag=0
restrict_temperature_alarm=0
retail_mode=0
set_install_location=0
setup_skipped=0
sgrl_adbenable=1
show_first_crash_dialog=1
side_button=1
smart_illuminate_enabled=1
smart_rat_switch_debug=0
smart_rat_switch_enabled=0
smart_replies_enabled=0
sound_trigger_detection_service_op_timeout=15000
stay_on_while_plugged_in=0
subscription_mode=0
system_capabilities=99
sysui_demo_allowed=0
sysui_tuner_demo_on=0
telephony_misc_feature_config=6
theater_mode_on=0
transition_animation_scale=1.0
trusted_sound=/product/media/audio/ui/Trusted.ogg
unlock_sound=/product/media/audio/ui/Unlock.ogg
upload_apk_enable=1
usb_mass_storage_enabled=1
user_disabled_hdr_formats=
user_hfp_client_setting=0
wait_for_debugger=0
wear_companion_os_version=-1
wear_os_version_string=
wear_platform_mr_number=0
wifi_display_on=0
wifi_display_power_saving_delay=10
wifi_display_power_saving_option=1
wifi_max_dhcp_retry_count=9
wifi_migration_completed=1
wifi_networks_available_notification_on=1
wifi_on=1
wifi_power_save=120
wifi_scan_always_enabled=0
wifi_sleep_policy=2
wifi_wakeup_enabled=1
window_animation_scale=1.0
wireless_charging_started_sound=/product/media/audio/ui/WirelessChargingStarted.ogg
zen_duration=null
zen_mode=0
zen_mode_config_etag=267572658
zen_mode_ringer_level=1
